Log file open, 06/11/19 13:27:53
LogWindows: Failed to load 'aqProf.dll' (GetLastError=126)
LogWindows: File 'aqProf.dll' does not exist
LogWindows: Failed to load 'VtuneApi.dll' (GetLastError=126)
LogWindows: File 'VtuneApi.dll' does not exist
LogWindows: Failed to load 'VtuneApi32e.dll' (GetLastError=126)
LogWindows: File 'VtuneApi32e.dll' does not exist
LogConsoleResponse: Display: Failed to find resolution value strings in scalability ini. Falling back to default.
LogInit: Display: Running engine for game: SpookyPrisonBreak
LogPakFile: Registered encryption key '00000000000000000000000000000000': 0 pak files mounted, 0 remain pending
LogPlatformFile: Not using cached read wrapper
LogTaskGraph: Started task graph with 5 named threads and 23 total threads with 3 sets of task threads.
LogStats: Stats thread started at 1.355512
LogD3D11RHI: Loaded GFSDK_Aftermath_Lib.x64.dll
LogICUInternationalization: ICU TimeZone Detection - Raw Offset: -8:00, Platform Override: ''
LogPluginManager: Mounting plugin Paper2D
LogPluginManager: Mounting plugin AISupport
LogPluginManager: Mounting plugin LightPropagationVolume
LogPluginManager: Mounting plugin ActorLayerUtilities
LogPluginManager: Mounting plugin AnimationSharing
LogPluginManager: Mounting plugin CLionSourceCodeAccess
LogPluginManager: Mounting plugin CodeLiteSourceCodeAccess
LogPluginManager: Mounting plugin GitSourceControl
LogPluginManager: Mounting plugin KDevelopSourceCodeAccess
LogPluginManager: Mounting plugin NullSourceCodeAccess
LogPluginManager: Mounting plugin PerforceSourceControl
LogPluginManager: Mounting plugin SubversionSourceControl
LogPluginManager: Mounting plugin UObjectPlugin
LogPluginManager: Mounting plugin VisualStudioCodeSourceCodeAccess
LogPluginManager: Mounting plugin VisualStudioSourceCodeAccess
LogPluginManager: Mounting plugin XCodeSourceCodeAccess
LogPluginManager: Mounting plugin AssetManagerEditor
LogPluginManager: Mounting plugin CryptoKeys
LogPluginManager: Mounting plugin DataValidation
LogPluginManager: Mounting plugin FacialAnimation
LogPluginManager: Mounting plugin GameplayTagsEditor
LogPluginManager: Mounting plugin MacGraphicsSwitching
LogPluginManager: Mounting plugin MaterialAnalyzer
LogPluginManager: Mounting plugin MobileLauncherProfileWizard
LogPluginManager: Mounting plugin PluginBrowser
LogPluginManager: Mounting plugin SpeedTreeImporter
LogPluginManager: Mounting plugin DatasmithContent
LogPluginManager: Mounting plugin VariantManagerContent
LogPluginManager: Mounting plugin AlembicImporter
LogPluginManager: Mounting plugin AppleImageUtils
LogPluginManager: Mounting plugin AppleVision
LogPluginManager: Mounting plugin BackChannel
LogPluginManager: Mounting plugin CharacterAI
LogPluginManager: Mounting plugin GeometryCache
LogPluginManager: Mounting plugin HTML5Networking
LogPluginManager: Mounting plugin ProxyLODPlugin
LogPluginManager: Mounting plugin SkeletalReduction
LogPluginManager: Mounting plugin MagicLeap
LogPluginManager: Mounting plugin MagicLeapMedia
LogPluginManager: Mounting plugin AndroidMedia
LogPluginManager: Mounting plugin AvfMedia
LogPluginManager: Mounting plugin ImgMedia
LogPluginManager: Mounting plugin LinearTimecode
LogPluginManager: Mounting plugin MediaCompositing
LogPluginManager: Mounting plugin MediaPlayerEditor
LogPluginManager: Mounting plugin WebMMedia
LogPluginManager: Mounting plugin WmfMedia
LogPluginManager: Mounting plugin TcpMessaging
LogPluginManager: Mounting plugin UdpMessaging
LogPluginManager: Mounting plugin ActorSequence
LogPluginManager: Mounting plugin LevelSequenceEditor
LogPluginManager: Mounting plugin MatineeToLevelSequence
LogPluginManager: Mounting plugin NetcodeUnitTest
LogPluginManager: Mounting plugin NUTUnrealEngine4
LogPluginManager: Mounting plugin OnlineSubsystemGooglePlay
LogPluginManager: Mounting plugin OnlineSubsystemIOS
LogPluginManager: Mounting plugin OnlineSubsystem
LogPluginManager: Mounting plugin OnlineSubsystemNull
LogPluginManager: Mounting plugin OnlineSubsystemUtils
LogPluginManager: Mounting plugin LauncherChunkInstaller
LogPluginManager: Mounting plugin AndroidDeviceProfileSelector
LogPluginManager: Mounting plugin AndroidMoviePlayer
LogPluginManager: Mounting plugin AndroidPermission
LogPluginManager: Mounting plugin AppleMoviePlayer
LogPluginManager: Mounting plugin ArchVisCharacter
LogPluginManager: Mounting plugin AudioCapture
LogPluginManager: Mounting plugin CableComponent
LogPluginManager: Mounting plugin CustomMeshComponent
LogPluginManager: Mounting plugin EditableMesh
LogPluginManager: Mounting plugin ExampleDeviceProfileSelector
LogPluginManager: Mounting plugin Firebase
LogPluginManager: Mounting plugin GoogleCloudMessaging
LogPluginManager: Mounting plugin IOSDeviceProfileSelector
LogPluginManager: Mounting plugin LinuxDeviceProfileSelector
LogPluginManager: Mounting plugin LocationServicesBPLibrary
LogPluginManager: Mounting plugin MobilePatchingUtils
LogPluginManager: Mounting plugin OculusVR
LogPluginManager: Mounting plugin PhysXVehicles
LogPluginManager: Mounting plugin ProceduralMeshComponent
LogPluginManager: Mounting plugin RuntimePhysXCooking
LogPluginManager: Mounting plugin SignificanceManager
LogPluginManager: Mounting plugin SteamVR
LogPluginManager: Mounting plugin WebMMoviePlayer
LogPluginManager: Mounting plugin WindowsMoviePlayer
LogInit: Using libcurl 7.55.1-DEV
LogInit:  - built for x86_64-pc-win32
LogInit:  - supports SSL with OpenSSL/1.1.1
LogInit:  - supports HTTP deflate (compression) using libz 1.2.8
LogInit:  - other features:
LogInit:      CURL_VERSION_SSL
LogInit:      CURL_VERSION_LIBZ
LogInit:      CURL_VERSION_IPV6
LogInit:      CURL_VERSION_ASYNCHDNS
LogInit:      CURL_VERSION_LARGEFILE
LogInit:      CURL_VERSION_IDN
LogInit:  CurlRequestOptions (configurable via config and command line):
LogInit:  - bVerifyPeer = true  - Libcurl will verify peer certificate
LogInit:  - bUseHttpProxy = false  - Libcurl will NOT use HTTP proxy
LogInit:  - bDontReuseConnections = false  - Libcurl will reuse connections
LogInit:  - MaxHostConnections = 16  - Libcurl will limit the number of connections to a host
LogInit:  - LocalHostAddr = Default
LogInit:  - BufferSize = 65536
LogInit: WinSock: version 1.1 (2.2), MaxSocks=32767, MaxUdp=65467
LogInit: Build: ++UE4+Release-4.22-CL-6063286
LogInit: Engine Version: 4.22.1-6063286+++UE4+Release-4.22
LogInit: Compatible Engine Version: 4.22.0-5660361+++UE4+Release-4.22
LogInit: Net CL: 5660361
LogInit: OS: Windows 10 (Release 1803) (), CPU: Intel(R) Core(TM) i7-6700HQ CPU @ 2.60GHz, GPU: Intel(R) HD Graphics 530
LogInit: Compiled (64-bit): Apr 24 2019 04:36:48
LogInit: Compiled with Visual C++: 19.16.27025.01
LogInit: Build Configuration: Development
LogInit: Branch Name: ++UE4+Release-4.22
LogInit: Command Line: 
LogInit: Base Directory: D:/Program Files/Epic Games/UE_4.22/Engine/Binaries/Win64/
LogInit: Installed Engine Build: 1
LogDevObjectVersion: Number of dev versions registered: 23
LogDevObjectVersion:   Dev-Blueprints (B0D832E4-1F89-4F0D-ACCF-7EB736FD4AA2): 10
LogDevObjectVersion:   Dev-Build (E1C64328-A22C-4D53-A36C-8E866417BD8C): 0
LogDevObjectVersion:   Dev-Core (375EC13C-06E4-48FB-B500-84F0262A717E): 3
LogDevObjectVersion:   Dev-Editor (E4B068ED-F494-42E9-A231-DA0B2E46BB41): 30
LogDevObjectVersion:   Dev-Framework (CFFC743F-43B0-4480-9391-14DF171D2073): 35
LogDevObjectVersion:   Dev-Mobile (B02B49B5-BB20-44E9-A304-32B752E40360): 2
LogDevObjectVersion:   Dev-Networking (A4E4105C-59A1-49B5-A7C5-40C4547EDFEE): 0
LogDevObjectVersion:   Dev-Online (39C831C9-5AE6-47DC-9A44-9C173E1C8E7C): 0
LogDevObjectVersion:   Dev-Physics (78F01B33-EBEA-4F98-B9B4-84EACCB95AA2): 0
LogDevObjectVersion:   Dev-Platform (6631380F-2D4D-43E0-8009-CF276956A95A): 0
LogDevObjectVersion:   Dev-Rendering (12F88B9F-8875-4AFC-A67C-D90C383ABD29): 28
LogDevObjectVersion:   Dev-Sequencer (7B5AE74C-D270-4C10-A958-57980B212A5A): 11
LogDevObjectVersion:   Dev-VR (D7296918-1DD6-4BDD-9DE2-64A83CC13884): 2
LogDevObjectVersion:   Dev-LoadTimes (C2A15278-BFE7-4AFE-6C17-90FF531DF755): 1
LogDevObjectVersion:   Private-Geometry (6EACA3D4-40EC-4CC1-B786-8BED09428FC5): 3
LogDevObjectVersion:   Dev-AnimPhys (29E575DD-E0A3-4627-9D10-D276232CDCEA): 17
LogDevObjectVersion:   Dev-Anim (AF43A65D-7FD3-4947-9873-3E8ED9C1BB05): 2
LogDevObjectVersion:   Dev-ReflectionCapture (6B266CEC-1EC7-4B8F-A30B-E4D90942FC07): 1
LogDevObjectVersion:   Dev-Automation (0DF73D61-A23F-47EA-B727-89E90C41499A): 1
LogDevObjectVersion:   FortniteMain (601D1886-AC64-4F84-AA16-D3DE0DEAC7D6): 25
LogDevObjectVersion:   Dev-Enterprise (9DFFBCD6-494F-0158-E221-12823C92A888): 6
LogDevObjectVersion:   Dev-Niagara (F2AED0AC-9AFE-416F-8664-AA7FFA26D6FC): 1
LogDevObjectVersion:   Dev-Destruction (174F1F0B-B4C6-45A5-B13F-2EE8D0FB917D): 2
LogInit: Presizing for max 16777216 objects, including 0 objects not considered by GC, pre-allocating 0 bytes for permanent pool.
LogInit: Object subsystem initialized
LogConfig: Setting CVar [[con.DebugEarlyDefault:1]]
LogConfig: Setting CVar [[r.setres:1280x720]]
[2019.06.11-20.27.55:678][  0]LogConfig: Setting CVar [[r.VSync:0]]
[2019.06.11-20.27.55:678][  0]LogConfig: Setting CVar [[r.RHICmdBypass:0]]
[2019.06.11-20.27.55:678][  0]LogConfig: Applying CVar settings from Section [/Script/Engine.RendererSettings] File [D:/Users/Jason/Documents/Unreal Projects/SpookyDungeonBreak/SpookyDungeonBreak/SpookyPrisonBreak/Saved/Config/Windows/Engine.ini]
[2019.06.11-20.27.55:678][  0]LogConfig: Setting CVar [[r.GPUCrashDebugging:0]]
[2019.06.11-20.27.55:678][  0]LogConfig: Applying CVar settings from Section [/Script/Engine.RendererOverrideSettings] File [D:/Users/Jason/Documents/Unreal Projects/SpookyDungeonBreak/SpookyDungeonBreak/SpookyPrisonBreak/Saved/Config/Windows/Engine.ini]
[2019.06.11-20.27.55:678][  0]LogConfig: Applying CVar settings from Section [/Script/Engine.StreamingSettings] File [D:/Users/Jason/Documents/Unreal Projects/SpookyDungeonBreak/SpookyDungeonBreak/SpookyPrisonBreak/Saved/Config/Windows/Engine.ini]
[2019.06.11-20.27.55:678][  0]LogConfig: Setting CVar [[s.MinBulkDataSizeForAsyncLoading:131072]]
[2019.06.11-20.27.55:678][  0]LogConfig: Setting CVar [[s.AsyncLoadingThreadEnabled:0]]
[2019.06.11-20.27.55:678][  0]LogConfig: Setting CVar [[s.EventDrivenLoaderEnabled:1]]
[2019.06.11-20.27.55:678][  0]LogConfig: Setting CVar [[s.WarnIfTimeLimitExceeded:0]]
[2019.06.11-20.27.55:678][  0]LogConfig: Setting CVar [[s.TimeLimitExceededMultiplier:1.5]]
[2019.06.11-20.27.55:678][  0]LogConfig: Setting CVar [[s.TimeLimitExceededMinTime:0.005]]
[2019.06.11-20.27.55:678][  0]LogConfig: Setting CVar [[s.UseBackgroundLevelStreaming:1]]
[2019.06.11-20.27.55:678][  0]LogConfig: Setting CVar [[s.PriorityAsyncLoadingExtraTime:15.0]]
[2019.06.11-20.27.55:678][  0]LogConfig: Setting CVar [[s.LevelStreamingActorsUpdateTimeLimit:5.0]]
[2019.06.11-20.27.55:678][  0]LogConfig: Setting CVar [[s.PriorityLevelStreamingActorsUpdateExtraTime:5.0]]
[2019.06.11-20.27.55:678][  0]LogConfig: Setting CVar [[s.LevelStreamingComponentsRegistrationGranularity:10]]
[2019.06.11-20.27.55:678][  0]LogConfig: Setting CVar [[s.UnregisterComponentsTimeLimit:1.0]]
[2019.06.11-20.27.55:678][  0]LogConfig: Setting CVar [[s.LevelStreamingComponentsUnregistrationGranularity:5]]
[2019.06.11-20.27.55:678][  0]LogConfig: Applying CVar settings from Section [/Script/Engine.GarbageCollectionSettings] File [D:/Users/Jason/Documents/Unreal Projects/SpookyDungeonBreak/SpookyDungeonBreak/SpookyPrisonBreak/Saved/Config/Windows/Engine.ini]
[2019.06.11-20.27.55:678][  0]LogConfig: Setting CVar [[gc.MaxObjectsNotConsideredByGC:1]]
[2019.06.11-20.27.55:678][  0]LogConfig: Setting CVar [[gc.SizeOfPermanentObjectPool:0]]
[2019.06.11-20.27.55:679][  0]LogConfig: Setting CVar [[gc.FlushStreamingOnGC:0]]
[2019.06.11-20.27.55:679][  0]LogConfig: Setting CVar [[gc.NumRetriesBeforeForcingGC:10]]
[2019.06.11-20.27.55:679][  0]LogConfig: Setting CVar [[gc.AllowParallelGC:1]]
[2019.06.11-20.27.55:679][  0]LogConfig: Setting CVar [[gc.TimeBetweenPurgingPendingKillObjects:61.1]]
[2019.06.11-20.27.55:679][  0]LogConfig: Setting CVar [[gc.MaxObjectsInEditor:16777216]]
[2019.06.11-20.27.55:679][  0]LogConfig: Setting CVar [[gc.IncrementalBeginDestroyEnabled:1]]
[2019.06.11-20.27.55:679][  0]LogConfig: Setting CVar [[gc.CreateGCClusters:1]]
[2019.06.11-20.27.55:679][  0]LogConfig: Setting CVar [[gc.MinGCClusterSize:5]]
[2019.06.11-20.27.55:679][  0]LogConfig: Setting CVar [[gc.ActorClusteringEnabled:0]]
[2019.06.11-20.27.55:679][  0]LogConfig: Setting CVar [[gc.BlueprintClusteringEnabled:0]]
[2019.06.11-20.27.55:679][  0]LogConfig: Setting CVar [[gc.UseDisregardForGCOnDedicatedServers:0]]
[2019.06.11-20.27.55:679][  0]LogConfig: Applying CVar settings from Section [/Script/Engine.NetworkSettings] File [D:/Users/Jason/Documents/Unreal Projects/SpookyDungeonBreak/SpookyDungeonBreak/SpookyPrisonBreak/Saved/Config/Windows/Engine.ini]
[2019.06.11-20.27.55:679][  0]LogConfig: Applying CVar settings from Section [/Script/UnrealEd.CookerSettings] File [D:/Users/Jason/Documents/Unreal Projects/SpookyDungeonBreak/SpookyDungeonBreak/SpookyPrisonBreak/Saved/Config/Windows/Engine.ini]
[2019.06.11-20.27.55:696][  0]LogConfig: Applying CVar settings from Section [ViewDistanceQuality@3] File [D:/Users/Jason/Documents/Unreal Projects/SpookyDungeonBreak/SpookyDungeonBreak/SpookyPrisonBreak/Saved/Config/Windows/Scalability.ini]
[2019.06.11-20.27.55:696][  0]LogConfig: Setting CVar [[r.SkeletalMeshLODBias:0]]
[2019.06.11-20.27.55:696][  0]LogConfig: Setting CVar [[r.ViewDistanceScale:1.0]]
[2019.06.11-20.27.55:696][  0]LogConfig: Applying CVar settings from Section [AntiAliasingQuality@3] File [D:/Users/Jason/Documents/Unreal Projects/SpookyDungeonBreak/SpookyDungeonBreak/SpookyPrisonBreak/Saved/Config/Windows/Scalability.ini]
[2019.06.11-20.27.55:696][  0]LogConfig: Setting CVar [[r.PostProcessAAQuality:4]]
[2019.06.11-20.27.55:696][  0]LogConfig: Applying CVar settings from Section [ShadowQuality@3] File [D:/Users/Jason/Documents/Unreal Projects/SpookyDungeonBreak/SpookyDungeonBreak/SpookyPrisonBreak/Saved/Config/Windows/Scalability.ini]
[2019.06.11-20.27.55:696][  0]LogConfig: Setting CVar [[r.LightFunctionQuality:1]]
[2019.06.11-20.27.55:696][  0]LogConfig: Setting CVar [[r.ShadowQuality:5]]
[2019.06.11-20.27.55:696][  0]LogConfig: Setting CVar [[r.Shadow.CSM.MaxCascades:10]]
[2019.06.11-20.27.55:696][  0]LogConfig: Setting CVar [[r.Shadow.MaxResolution:2048]]
[2019.06.11-20.27.55:696][  0]LogConfig: Setting CVar [[r.Shadow.MaxCSMResolution:2048]]
[2019.06.11-20.27.55:696][  0]LogConfig: Setting CVar [[r.Shadow.RadiusThreshold:0.01]]
[2019.06.11-20.27.55:696][  0]LogConfig: Setting CVar [[r.Shadow.DistanceScale:1.0]]
[2019.06.11-20.27.55:696][  0]LogConfig: Setting CVar [[r.Shadow.CSM.TransitionScale:1.0]]
[2019.06.11-20.27.55:696][  0]LogConfig: Setting CVar [[r.Shadow.PreShadowResolutionFactor:1.0]]
[2019.06.11-20.27.55:696][  0]LogConfig: Setting CVar [[r.DistanceFieldShadowing:1]]
[2019.06.11-20.27.55:696][  0]LogConfig: Setting CVar [[r.DistanceFieldAO:1]]
[2019.06.11-20.27.55:696][  0]LogConfig: Setting CVar [[r.AOQuality:2]]
[2019.06.11-20.27.55:696][  0]LogConfig: Setting CVar [[r.VolumetricFog:1]]
[2019.06.11-20.27.55:696][  0]LogConfig: Setting CVar [[r.VolumetricFog.GridPixelSize:8]]
[2019.06.11-20.27.55:696][  0]LogConfig: Setting CVar [[r.VolumetricFog.GridSizeZ:128]]
[2019.06.11-20.27.55:696][  0]LogConfig: Setting CVar [[r.VolumetricFog.HistoryMissSupersampleCount:4]]
[2019.06.11-20.27.55:696][  0]LogConfig: Setting CVar [[r.LightMaxDrawDistanceScale:1]]
[2019.06.11-20.27.55:696][  0]LogConfig: Setting CVar [[r.CapsuleShadows:1]]
[2019.06.11-20.27.55:696][  0]LogConfig: Applying CVar settings from Section [PostProcessQuality@3] File [D:/Users/Jason/Documents/Unreal Projects/SpookyDungeonBreak/SpookyDungeonBreak/SpookyPrisonBreak/Saved/Config/Windows/Scalability.ini]
[2019.06.11-20.27.55:696][  0]LogConfig: Setting CVar [[r.MotionBlurQuality:4]]
[2019.06.11-20.27.55:696][  0]LogConfig: Setting CVar [[r.AmbientOcclusionMipLevelFactor:0.4]]
[2019.06.11-20.27.55:696][  0]LogConfig: Setting CVar [[r.AmbientOcclusionMaxQuality:100]]
[2019.06.11-20.27.55:696][  0]LogConfig: Setting CVar [[r.AmbientOcclusionLevels:-1]]
[2019.06.11-20.27.55:696][  0]LogConfig: Setting CVar [[r.AmbientOcclusionRadiusScale:1.0]]
[2019.06.11-20.27.55:696][  0]LogConfig: Setting CVar [[r.DepthOfFieldQuality:2]]
[2019.06.11-20.27.55:696][  0]LogConfig: Setting CVar [[r.RenderTargetPoolMin:400]]
[2019.06.11-20.27.55:696][  0]LogConfig: Setting CVar [[r.LensFlareQuality:2]]
[2019.06.11-20.27.55:696][  0]LogConfig: Setting CVar [[r.SceneColorFringeQuality:1]]
[2019.06.11-20.27.55:696][  0]LogConfig: Setting CVar [[r.EyeAdaptationQuality:2]]
[2019.06.11-20.27.55:696][  0]LogConfig: Setting CVar [[r.BloomQuality:5]]
[2019.06.11-20.27.55:696][  0]LogConfig: Setting CVar [[r.FastBlurThreshold:100]]
[2019.06.11-20.27.55:696][  0]LogConfig: Setting CVar [[r.Upscale.Quality:3]]
[2019.06.11-20.27.55:696][  0]LogConfig: Setting CVar [[r.Tonemapper.GrainQuantization:1]]
[2019.06.11-20.27.55:696][  0]LogConfig: Setting CVar [[r.LightShaftQuality:1]]
[2019.06.11-20.27.55:696][  0]LogConfig: Setting CVar [[r.Filter.SizeScale:1]]
[2019.06.11-20.27.55:696][  0]LogConfig: Setting CVar [[r.Tonemapper.Quality:5]]
[2019.06.11-20.27.55:696][  0]LogConfig: Setting CVar [[r.DOF.Gather.AccumulatorQuality:1        ; higher gathering accumulator quality]]
[2019.06.11-20.27.55:696][  0]LogConfig: Setting CVar [[r.DOF.Gather.PostfilterMethod:1          ; Median3x3 postfilering method]]
[2019.06.11-20.27.55:696][  0]LogConfig: Setting CVar [[r.DOF.Gather.EnableBokehSettings:0       ; no bokeh simulation when gathering]]
[2019.06.11-20.27.55:696][  0]LogConfig: Setting CVar [[r.DOF.Gather.RingCount:4                 ; medium number of samples when gathering]]
[2019.06.11-20.27.55:697][  0]LogConfig: Setting CVar [[r.DOF.Scatter.ForegroundCompositing:1    ; additive foreground scattering]]
[2019.06.11-20.27.55:697][  0]LogConfig: Setting CVar [[r.DOF.Scatter.BackgroundCompositing:2    ; additive background scattering]]
[2019.06.11-20.27.55:697][  0]LogConfig: Setting CVar [[r.DOF.Scatter.EnableBokehSettings:1      ; bokeh simulation when scattering]]
[2019.06.11-20.27.55:697][  0]LogConfig: Setting CVar [[r.DOF.Scatter.MaxSpriteRatio:0.1         ; only a maximum of 10% of scattered bokeh]]
[2019.06.11-20.27.55:697][  0]LogConfig: Setting CVar [[r.DOF.Recombine.Quality:1                ; cheap slight out of focus]]
[2019.06.11-20.27.55:697][  0]LogConfig: Setting CVar [[r.DOF.Recombine.EnableBokehSettings:0    ; no bokeh simulation on slight out of focus]]
[2019.06.11-20.27.55:697][  0]LogConfig: Setting CVar [[r.DOF.TemporalAAQuality:1                ; more stable temporal accumulation]]
[2019.06.11-20.27.55:697][  0]LogConfig: Setting CVar [[r.DOF.Kernel.MaxForegroundRadius:0.025]]
[2019.06.11-20.27.55:697][  0]LogConfig: Setting CVar [[r.DOF.Kernel.MaxBackgroundRadius:0.025]]
[2019.06.11-20.27.55:697][  0]LogConfig: Applying CVar settings from Section [TextureQuality@3] File [D:/Users/Jason/Documents/Unreal Projects/SpookyDungeonBreak/SpookyDungeonBreak/SpookyPrisonBreak/Saved/Config/Windows/Scalability.ini]
[2019.06.11-20.27.55:697][  0]LogConfig: Setting CVar [[r.Streaming.MipBias:0]]
[2019.06.11-20.27.55:697][  0]LogConfig: Setting CVar [[r.Streaming.AmortizeCPUToGPUCopy:0]]
[2019.06.11-20.27.55:697][  0]LogConfig: Setting CVar [[r.Streaming.MaxNumTexturesToStreamPerFrame:0]]
[2019.06.11-20.27.55:697][  0]LogConfig: Setting CVar [[r.Streaming.Boost:1]]
[2019.06.11-20.27.55:697][  0]LogConfig: Setting CVar [[r.MaxAnisotropy:8]]
[2019.06.11-20.27.55:697][  0]LogConfig: Setting CVar [[r.Streaming.LimitPoolSizeToVRAM:0]]
[2019.06.11-20.27.55:697][  0]LogConfig: Setting CVar [[r.Streaming.PoolSize:1000]]
[2019.06.11-20.27.55:697][  0]LogConfig: Setting CVar [[r.Streaming.MaxEffectiveScreenSize:0]]
[2019.06.11-20.27.55:697][  0]LogConfig: Applying CVar settings from Section [EffectsQuality@3] File [D:/Users/Jason/Documents/Unreal Projects/SpookyDungeonBreak/SpookyDungeonBreak/SpookyPrisonBreak/Saved/Config/Windows/Scalability.ini]
[2019.06.11-20.27.55:697][  0]LogConfig: Setting CVar [[r.TranslucencyLightingVolumeDim:64]]
[2019.06.11-20.27.55:697][  0]LogConfig: Setting CVar [[r.RefractionQuality:2]]
[2019.06.11-20.27.55:697][  0]LogConfig: Setting CVar [[r.SSR.Quality:3]]
[2019.06.11-20.27.55:697][  0]LogConfig: Setting CVar [[r.SceneColorFormat:4]]
[2019.06.11-20.27.55:697][  0]LogConfig: Setting CVar [[r.DetailMode:2]]
[2019.06.11-20.27.55:697][  0]LogConfig: Setting CVar [[r.TranslucencyVolumeBlur:1]]
[2019.06.11-20.27.55:697][  0]LogConfig: Setting CVar [[r.MaterialQualityLevel:1 ; High quality]]
[2019.06.11-20.27.55:697][  0]LogConfig: Setting CVar [[r.SSS.Scale:1]]
[2019.06.11-20.27.55:697][  0]LogConfig: Setting CVar [[r.SSS.SampleSet:2]]
[2019.06.11-20.27.55:697][  0]LogConfig: Setting CVar [[r.SSS.Quality:1]]
[2019.06.11-20.27.55:697][  0]LogConfig: Setting CVar [[r.SSS.HalfRes:1]]
[2019.06.11-20.27.55:697][  0]LogConfig: Setting CVar [[r.EmitterSpawnRateScale:1.0]]
[2019.06.11-20.27.55:697][  0]LogConfig: Setting CVar [[r.ParticleLightQuality:2]]
[2019.06.11-20.27.55:706][  0]LogConfig: Applying CVar settings from Section [FoliageQuality@3] File [D:/Users/Jason/Documents/Unreal Projects/SpookyDungeonBreak/SpookyDungeonBreak/SpookyPrisonBreak/Saved/Config/Windows/Scalability.ini]
[2019.06.11-20.27.55:706][  0]LogConfig: Setting CVar [[foliage.DensityScale:1.0]]
[2019.06.11-20.27.55:706][  0]LogConfig: Setting CVar [[grass.DensityScale:1.0]]
[2019.06.11-20.27.55:706][  0]LogInit: Selected Device Profile: [Windows]
[2019.06.11-20.27.55:706][  0]LogInit: Applying CVar settings loaded from the selected device profile: [Windows]
[2019.06.11-20.27.55:732][  0]LogHAL: Display: Platform has ~ 16 GB [17054859264 / 17179869184 / 16], which maps to Larger [LargestMinGB=32, LargerMinGB=12, DefaultMinGB=8, SmallerMinGB=6, SmallestMinGB=0)
[2019.06.11-20.27.55:732][  0]LogConfig: Setting CVar [[r.Vulkan.UseRealUBs:0		; Required until we fix HLR fall-out]]
[2019.06.11-20.27.55:732][  0]LogInit: Going up to parent DeviceProfile []
[2019.06.11-20.27.55:732][  0]LogConfig: Applying CVar settings from Section [ViewDistanceQuality@3] File [D:/Users/Jason/Documents/Unreal Projects/SpookyDungeonBreak/SpookyDungeonBreak/SpookyPrisonBreak/Saved/Config/Windows/Scalability.ini]
[2019.06.11-20.27.55:732][  0]LogConfig: Setting CVar [[r.SkeletalMeshLODBias:0]]
[2019.06.11-20.27.55:732][  0]LogConfig: Setting CVar [[r.ViewDistanceScale:1.0]]
[2019.06.11-20.27.55:732][  0]LogConfig: Applying CVar settings from Section [AntiAliasingQuality@3] File [D:/Users/Jason/Documents/Unreal Projects/SpookyDungeonBreak/SpookyDungeonBreak/SpookyPrisonBreak/Saved/Config/Windows/Scalability.ini]
[2019.06.11-20.27.55:732][  0]LogConfig: Setting CVar [[r.PostProcessAAQuality:4]]
[2019.06.11-20.27.55:732][  0]LogConfig: Applying CVar settings from Section [ShadowQuality@3] File [D:/Users/Jason/Documents/Unreal Projects/SpookyDungeonBreak/SpookyDungeonBreak/SpookyPrisonBreak/Saved/Config/Windows/Scalability.ini]
[2019.06.11-20.27.55:732][  0]LogConfig: Setting CVar [[r.LightFunctionQuality:1]]
[2019.06.11-20.27.55:732][  0]LogConfig: Setting CVar [[r.ShadowQuality:5]]
[2019.06.11-20.27.55:732][  0]LogConfig: Setting CVar [[r.Shadow.CSM.MaxCascades:10]]
[2019.06.11-20.27.55:732][  0]LogConfig: Setting CVar [[r.Shadow.MaxResolution:2048]]
[2019.06.11-20.27.55:732][  0]LogConfig: Setting CVar [[r.Shadow.MaxCSMResolution:2048]]
[2019.06.11-20.27.55:732][  0]LogConfig: Setting CVar [[r.Shadow.RadiusThreshold:0.01]]
[2019.06.11-20.27.55:732][  0]LogConfig: Setting CVar [[r.Shadow.DistanceScale:1.0]]
[2019.06.11-20.27.55:732][  0]LogConfig: Setting CVar [[r.Shadow.CSM.TransitionScale:1.0]]
[2019.06.11-20.27.55:732][  0]LogConfig: Setting CVar [[r.Shadow.PreShadowResolutionFactor:1.0]]
[2019.06.11-20.27.55:732][  0]LogConfig: Setting CVar [[r.DistanceFieldShadowing:1]]
[2019.06.11-20.27.55:732][  0]LogConfig: Setting CVar [[r.DistanceFieldAO:1]]
[2019.06.11-20.27.55:732][  0]LogConfig: Setting CVar [[r.AOQuality:2]]
[2019.06.11-20.27.55:732][  0]LogConfig: Setting CVar [[r.VolumetricFog:1]]
[2019.06.11-20.27.55:732][  0]LogConfig: Setting CVar [[r.VolumetricFog.GridPixelSize:8]]
[2019.06.11-20.27.55:732][  0]LogConfig: Setting CVar [[r.VolumetricFog.GridSizeZ:128]]
[2019.06.11-20.27.55:732][  0]LogConfig: Setting CVar [[r.VolumetricFog.HistoryMissSupersampleCount:4]]
[2019.06.11-20.27.55:732][  0]LogConfig: Setting CVar [[r.LightMaxDrawDistanceScale:1]]
[2019.06.11-20.27.55:732][  0]LogConfig: Setting CVar [[r.CapsuleShadows:1]]
[2019.06.11-20.27.55:732][  0]LogConfig: Applying CVar settings from Section [PostProcessQuality@3] File [D:/Users/Jason/Documents/Unreal Projects/SpookyDungeonBreak/SpookyDungeonBreak/SpookyPrisonBreak/Saved/Config/Windows/Scalability.ini]
[2019.06.11-20.27.55:732][  0]LogConfig: Setting CVar [[r.MotionBlurQuality:4]]
[2019.06.11-20.27.55:732][  0]LogConfig: Setting CVar [[r.AmbientOcclusionMipLevelFactor:0.4]]
[2019.06.11-20.27.55:733][  0]LogConfig: Setting CVar [[r.AmbientOcclusionMaxQuality:100]]
[2019.06.11-20.27.55:733][  0]LogConfig: Setting CVar [[r.AmbientOcclusionLevels:-1]]
[2019.06.11-20.27.55:733][  0]LogConfig: Setting CVar [[r.AmbientOcclusionRadiusScale:1.0]]
[2019.06.11-20.27.55:733][  0]LogConfig: Setting CVar [[r.DepthOfFieldQuality:2]]
[2019.06.11-20.27.55:733][  0]LogConfig: Setting CVar [[r.RenderTargetPoolMin:400]]
[2019.06.11-20.27.55:733][  0]LogConfig: Setting CVar [[r.LensFlareQuality:2]]
[2019.06.11-20.27.55:733][  0]LogConfig: Setting CVar [[r.SceneColorFringeQuality:1]]
[2019.06.11-20.27.55:733][  0]LogConfig: Setting CVar [[r.EyeAdaptationQuality:2]]
[2019.06.11-20.27.55:733][  0]LogConfig: Setting CVar [[r.BloomQuality:5]]
[2019.06.11-20.27.55:733][  0]LogConfig: Setting CVar [[r.FastBlurThreshold:100]]
[2019.06.11-20.27.55:733][  0]LogConfig: Setting CVar [[r.Upscale.Quality:3]]
[2019.06.11-20.27.55:733][  0]LogConfig: Setting CVar [[r.Tonemapper.GrainQuantization:1]]
[2019.06.11-20.27.55:733][  0]LogConfig: Setting CVar [[r.LightShaftQuality:1]]
[2019.06.11-20.27.55:733][  0]LogConfig: Setting CVar [[r.Filter.SizeScale:1]]
[2019.06.11-20.27.55:733][  0]LogConfig: Setting CVar [[r.Tonemapper.Quality:5]]
[2019.06.11-20.27.55:733][  0]LogConfig: Setting CVar [[r.DOF.Gather.AccumulatorQuality:1        ; higher gathering accumulator quality]]
[2019.06.11-20.27.55:733][  0]LogConfig: Setting CVar [[r.DOF.Gather.PostfilterMethod:1          ; Median3x3 postfilering method]]
[2019.06.11-20.27.55:733][  0]LogConfig: Setting CVar [[r.DOF.Gather.EnableBokehSettings:0       ; no bokeh simulation when gathering]]
[2019.06.11-20.27.55:733][  0]LogConfig: Setting CVar [[r.DOF.Gather.RingCount:4                 ; medium number of samples when gathering]]
[2019.06.11-20.27.55:733][  0]LogConfig: Setting CVar [[r.DOF.Scatter.ForegroundCompositing:1    ; additive foreground scattering]]
[2019.06.11-20.27.55:733][  0]LogConfig: Setting CVar [[r.DOF.Scatter.BackgroundCompositing:2    ; additive background scattering]]
[2019.06.11-20.27.55:733][  0]LogConfig: Setting CVar [[r.DOF.Scatter.EnableBokehSettings:1      ; bokeh simulation when scattering]]
[2019.06.11-20.27.55:733][  0]LogConfig: Setting CVar [[r.DOF.Scatter.MaxSpriteRatio:0.1         ; only a maximum of 10% of scattered bokeh]]
[2019.06.11-20.27.55:733][  0]LogConfig: Setting CVar [[r.DOF.Recombine.Quality:1                ; cheap slight out of focus]]
[2019.06.11-20.27.55:733][  0]LogConfig: Setting CVar [[r.DOF.Recombine.EnableBokehSettings:0    ; no bokeh simulation on slight out of focus]]
[2019.06.11-20.27.55:733][  0]LogConfig: Setting CVar [[r.DOF.TemporalAAQuality:1                ; more stable temporal accumulation]]
[2019.06.11-20.27.55:733][  0]LogConfig: Setting CVar [[r.DOF.Kernel.MaxForegroundRadius:0.025]]
[2019.06.11-20.27.55:733][  0]LogConfig: Setting CVar [[r.DOF.Kernel.MaxBackgroundRadius:0.025]]
[2019.06.11-20.27.55:733][  0]LogConfig: Applying CVar settings from Section [TextureQuality@3] File [D:/Users/Jason/Documents/Unreal Projects/SpookyDungeonBreak/SpookyDungeonBreak/SpookyPrisonBreak/Saved/Config/Windows/Scalability.ini]
[2019.06.11-20.27.55:733][  0]LogConfig: Setting CVar [[r.Streaming.MipBias:0]]
[2019.06.11-20.27.55:733][  0]LogConfig: Setting CVar [[r.Streaming.AmortizeCPUToGPUCopy:0]]
[2019.06.11-20.27.55:733][  0]LogConfig: Setting CVar [[r.Streaming.MaxNumTexturesToStreamPerFrame:0]]
[2019.06.11-20.27.55:733][  0]LogConfig: Setting CVar [[r.Streaming.Boost:1]]
[2019.06.11-20.27.55:733][  0]LogConfig: Setting CVar [[r.MaxAnisotropy:8]]
[2019.06.11-20.27.55:733][  0]LogConfig: Setting CVar [[r.Streaming.LimitPoolSizeToVRAM:0]]
[2019.06.11-20.27.55:733][  0]LogConfig: Setting CVar [[r.Streaming.PoolSize:1000]]
[2019.06.11-20.27.55:733][  0]LogConfig: Setting CVar [[r.Streaming.MaxEffectiveScreenSize:0]]
[2019.06.11-20.27.55:733][  0]LogConfig: Applying CVar settings from Section [EffectsQuality@3] File [D:/Users/Jason/Documents/Unreal Projects/SpookyDungeonBreak/SpookyDungeonBreak/SpookyPrisonBreak/Saved/Config/Windows/Scalability.ini]
[2019.06.11-20.27.55:733][  0]LogConfig: Setting CVar [[r.TranslucencyLightingVolumeDim:64]]
[2019.06.11-20.27.55:733][  0]LogConfig: Setting CVar [[r.RefractionQuality:2]]
[2019.06.11-20.27.55:733][  0]LogConfig: Setting CVar [[r.SSR.Quality:3]]
[2019.06.11-20.27.55:733][  0]LogConfig: Setting CVar [[r.SceneColorFormat:4]]
[2019.06.11-20.27.55:733][  0]LogConfig: Setting CVar [[r.DetailMode:2]]
[2019.06.11-20.27.55:733][  0]LogConfig: Setting CVar [[r.TranslucencyVolumeBlur:1]]
[2019.06.11-20.27.55:733][  0]LogConfig: Setting CVar [[r.MaterialQualityLevel:1 ; High quality]]
[2019.06.11-20.27.55:733][  0]LogConfig: Setting CVar [[r.SSS.Scale:1]]
[2019.06.11-20.27.55:733][  0]LogConfig: Setting CVar [[r.SSS.SampleSet:2]]
[2019.06.11-20.27.55:733][  0]LogConfig: Setting CVar [[r.SSS.Quality:1]]
[2019.06.11-20.27.55:733][  0]LogConfig: Setting CVar [[r.SSS.HalfRes:1]]
[2019.06.11-20.27.55:733][  0]LogConfig: Setting CVar [[r.EmitterSpawnRateScale:1.0]]
[2019.06.11-20.27.55:733][  0]LogConfig: Setting CVar [[r.ParticleLightQuality:2]]
[2019.06.11-20.27.55:733][  0]LogConfig: Applying CVar settings from Section [FoliageQuality@3] File [D:/Users/Jason/Documents/Unreal Projects/SpookyDungeonBreak/SpookyDungeonBreak/SpookyPrisonBreak/Saved/Config/Windows/Scalability.ini]
[2019.06.11-20.27.55:733][  0]LogConfig: Setting CVar [[foliage.DensityScale:1.0]]
[2019.06.11-20.27.55:733][  0]LogConfig: Setting CVar [[grass.DensityScale:1.0]]
[2019.06.11-20.27.55:733][  0]LogConfig: Applying CVar settings from Section [Startup] File [../../../Engine/Config/ConsoleVariables.ini]
[2019.06.11-20.27.55:745][  0]LogConfig: Setting CVar [[net.UseAdaptiveNetUpdateFrequency:0]]
[2019.06.11-20.27.55:745][  0]LogConfig: Setting CVar [[p.chaos.AllowCreatePhysxBodies:1]]
[2019.06.11-20.27.55:745][  0]LogConfig: Applying CVar settings from Section [ConsoleVariables] File [D:/Users/Jason/Documents/Unreal Projects/SpookyDungeonBreak/SpookyDungeonBreak/SpookyPrisonBreak/Saved/Config/Windows/Engine.ini]
[2019.06.11-20.27.55:756][  0]LogInit: Computer: LAPTOP-D69A6UFS
[2019.06.11-20.27.55:756][  0]LogInit: User: Jason
[2019.06.11-20.27.55:756][  0]LogInit: CPU Page size=4096, Cores=4
[2019.06.11-20.27.55:756][  0]LogInit: High frequency timer resolution =2.531251 MHz
[2019.06.11-20.27.55:756][  0]LogMemory: Memory total: Physical=15.9GB (16GB approx)
[2019.06.11-20.27.55:756][  0]LogMemory: Platform Memory Stats for Windows
[2019.06.11-20.27.55:756][  0]LogMemory: Process Physical Memory: 96.89 MB used, 96.89 MB peak
[2019.06.11-20.27.55:756][  0]LogMemory: Process Virtual Memory: 89.34 MB used, 89.34 MB peak
[2019.06.11-20.27.55:756][  0]LogMemory: Physical Memory: 9252.00 MB used,  7012.78 MB free, 16264.78 MB total
[2019.06.11-20.27.55:756][  0]LogMemory: Virtual Memory: 4644.81 MB used,  134213080.00 MB free, 134217728.00 MB total
[2019.06.11-20.27.56:587][  0]LogInit: Using OS detected language (en-US).
[2019.06.11-20.27.56:587][  0]LogInit: Using OS detected locale (en-US).
[2019.06.11-20.27.56:603][  0]LogTextLocalizationManager: No specific localization for 'en-US' exists, so the 'en' localization will be used.
[2019.06.11-20.27.57:375][  0]LogInit: Setting process to per monitor DPI aware
[2019.06.11-20.27.57:753][  0]LogSlate: New Slate User Created.  User Index 0, Is Virtual User: 0
[2019.06.11-20.27.57:753][  0]LogSlate: Slate User Registered.  User Index 0, Is Virtual User: 0
[2019.06.11-20.28.00:269][  0]LogHMD: Failed to initialize OpenVR with code 110
[2019.06.11-20.28.00:269][  0]LogD3D11RHI: D3D11 adapters:
[2019.06.11-20.28.00:632][  0]LogD3D11RHI:    0. 'NVIDIA GeForce GTX 960M' (Feature Level 11_0)
[2019.06.11-20.28.00:632][  0]LogD3D11RHI:       4055/0/8132 MB DedicatedVideo/DedicatedSystem/SharedSystem, Outputs:1, VendorId:0x10de
[2019.06.11-20.28.00:644][  0]LogD3D11RHI:    1. 'Intel(R) HD Graphics 530' (Feature Level 11_0)
[2019.06.11-20.28.00:644][  0]LogD3D11RHI:       128/0/8132 MB DedicatedVideo/DedicatedSystem/SharedSystem, Outputs:0, VendorId:0x8086
[2019.06.11-20.28.00:646][  0]LogD3D11RHI:    2. 'Microsoft Basic Render Driver' (Feature Level 11_0)
[2019.06.11-20.28.00:646][  0]LogD3D11RHI:       0/0/8132 MB DedicatedVideo/DedicatedSystem/SharedSystem, Outputs:0, VendorId:0x1414
[2019.06.11-20.28.00:646][  0]LogD3D11RHI: Chosen D3D11 Adapter: 0
[2019.06.11-20.28.00:696][  0]LogD3D11RHI: Creating new Direct3DDevice
[2019.06.11-20.28.00:696][  0]LogD3D11RHI:     GPU DeviceId: 0x139b (for the marketing name, search the web for "GPU Device Id")
[2019.06.11-20.28.00:696][  0]LogWindows: EnumDisplayDevices:
[2019.06.11-20.28.00:697][  0]LogWindows:    0. 'Intel(R) HD Graphics 530' (P:1 D:1)
[2019.06.11-20.28.00:697][  0]LogWindows:    1. 'Intel(R) HD Graphics 530' (P:0 D:0)
[2019.06.11-20.28.00:697][  0]LogWindows:    2. 'Intel(R) HD Graphics 530' (P:0 D:0)
[2019.06.11-20.28.00:698][  0]LogWindows: DebugString: PrimaryIsNotTheChoosenAdapter PrimaryIsNotTheChoosenAdapter PrimaryIsNotTheChoosenAdapter FoundDriverCount:0 
[2019.06.11-20.28.00:698][  0]LogD3D11RHI:     Adapter Name: NVIDIA GeForce GTX 960M
[2019.06.11-20.28.00:698][  0]LogD3D11RHI:   Driver Version: Unknown (internal:Unknown, unified:Unknown)
[2019.06.11-20.28.00:698][  0]LogD3D11RHI:      Driver Date: Unknown
[2019.06.11-20.28.00:698][  0]LogRHI: Texture pool is 2839 MB (70% of 4055 MB)
[2019.06.11-20.28.00:731][  0]LogD3D11RHI: Async texture creation enabled
[2019.06.11-20.28.00:758][  0]LogRendererCore: FGlobalReadBuffer::InitRHI
[2019.06.11-20.28.00:759][  0]LogRendererCore: FGlobalReadBuffer::InitRHI
[2019.06.11-20.28.00:759][  0]LogRendererCore: FGlobalReadBuffer::InitRHI
[2019.06.11-20.28.00:774][  0]LogD3D11RHI: GPU Timing Frequency: 1000.000000 (Debug: 2 2)
[2019.06.11-20.28.01:524][  0]LogTemp: Display: Module 'AllDesktopTargetPlatform' loaded TargetPlatform 'AllDesktop'
[2019.06.11-20.28.01:560][  0]LogTemp: Display: Module 'MacClientTargetPlatform' loaded TargetPlatform 'MacClient'
[2019.06.11-20.28.01:590][  0]LogTemp: Display: Module 'MacNoEditorTargetPlatform' loaded TargetPlatform 'MacNoEditor'
[2019.06.11-20.28.01:624][  0]LogTemp: Display: Module 'MacServerTargetPlatform' loaded TargetPlatform 'MacServer'
[2019.06.11-20.28.01:683][  0]LogTemp: Display: Module 'MacTargetPlatform' loaded TargetPlatform 'Mac'
[2019.06.11-20.28.01:800][  0]LogTemp: Display: Module 'WindowsClientTargetPlatform' loaded TargetPlatform 'WindowsClient'
[2019.06.11-20.28.01:834][  0]LogTemp: Display: Module 'WindowsNoEditorTargetPlatform' loaded TargetPlatform 'WindowsNoEditor'
[2019.06.11-20.28.01:865][  0]LogTemp: Display: Module 'WindowsServerTargetPlatform' loaded TargetPlatform 'WindowsServer'
[2019.06.11-20.28.01:889][  0]LogTemp: Display: Module 'WindowsTargetPlatform' loaded TargetPlatform 'Windows'
[2019.06.11-20.28.02:100][  0]LogTemp: Display: Module 'AndroidTargetPlatform' loaded TargetPlatform 'Android'
[2019.06.11-20.28.02:100][  0]LogTemp: Display: Module 'AndroidTargetPlatform' loaded TargetPlatform 'Android_ASTC'
[2019.06.11-20.28.02:100][  0]LogTemp: Display: Module 'AndroidTargetPlatform' loaded TargetPlatform 'Android_ATC'
[2019.06.11-20.28.02:100][  0]LogTemp: Display: Module 'AndroidTargetPlatform' loaded TargetPlatform 'Android_DXT'
[2019.06.11-20.28.02:100][  0]LogTemp: Display: Module 'AndroidTargetPlatform' loaded TargetPlatform 'Android_ETC1'
[2019.06.11-20.28.02:100][  0]LogTemp: Display: Module 'AndroidTargetPlatform' loaded TargetPlatform 'Android_ETC1a'
[2019.06.11-20.28.02:100][  0]LogTemp: Display: Module 'AndroidTargetPlatform' loaded TargetPlatform 'Android_ETC2'
[2019.06.11-20.28.02:100][  0]LogTemp: Display: Module 'AndroidTargetPlatform' loaded TargetPlatform 'Android_PVRTC'
[2019.06.11-20.28.02:100][  0]LogTemp: Display: Module 'AndroidTargetPlatform' loaded TargetPlatform 'AndroidClient'
[2019.06.11-20.28.02:100][  0]LogTemp: Display: Module 'AndroidTargetPlatform' loaded TargetPlatform 'Android_ASTCClient'
[2019.06.11-20.28.02:100][  0]LogTemp: Display: Module 'AndroidTargetPlatform' loaded TargetPlatform 'Android_ATCClient'
[2019.06.11-20.28.02:100][  0]LogTemp: Display: Module 'AndroidTargetPlatform' loaded TargetPlatform 'Android_DXTClient'
[2019.06.11-20.28.02:100][  0]LogTemp: Display: Module 'AndroidTargetPlatform' loaded TargetPlatform 'Android_ETC1Client'
[2019.06.11-20.28.02:100][  0]LogTemp: Display: Module 'AndroidTargetPlatform' loaded TargetPlatform 'Android_ETC1aClient'
[2019.06.11-20.28.02:100][  0]LogTemp: Display: Module 'AndroidTargetPlatform' loaded TargetPlatform 'Android_ETC2Client'
[2019.06.11-20.28.02:100][  0]LogTemp: Display: Module 'AndroidTargetPlatform' loaded TargetPlatform 'Android_PVRTCClient'
[2019.06.11-20.28.02:100][  0]LogTemp: Display: Module 'AndroidTargetPlatform' loaded TargetPlatform 'Android_Multi'
[2019.06.11-20.28.02:100][  0]LogTemp: Display: Module 'AndroidTargetPlatform' loaded TargetPlatform 'Android_MultiClient'
[2019.06.11-20.28.02:126][  0]LogTemp: Display: Module 'HTML5TargetPlatform' loaded TargetPlatform 'HTML5'
[2019.06.11-20.28.02:306][  0]LogTemp: Display: Module 'IOSTargetPlatform' loaded TargetPlatform 'IOSClient'
[2019.06.11-20.28.02:306][  0]LogTemp: Display: Module 'IOSTargetPlatform' loaded TargetPlatform 'IOS'
[2019.06.11-20.28.02:353][  0]LogTemp: Display: Module 'TVOSTargetPlatform' loaded TargetPlatform 'TVOSClient'
[2019.06.11-20.28.02:353][  0]LogTemp: Display: Module 'TVOSTargetPlatform' loaded TargetPlatform 'TVOS'
[2019.06.11-20.28.02:383][  0]LogTemp: Display: Module 'LinuxClientTargetPlatform' loaded TargetPlatform 'LinuxClient'
[2019.06.11-20.28.02:406][  0]LogTemp: Display: Module 'LinuxNoEditorTargetPlatform' loaded TargetPlatform 'LinuxNoEditor'
[2019.06.11-20.28.02:437][  0]LogTemp: Display: Module 'LinuxServerTargetPlatform' loaded TargetPlatform 'LinuxServer'
[2019.06.11-20.28.02:503][  0]LogTemp: Display: Module 'LinuxTargetPlatform' loaded TargetPlatform 'Linux'
[2019.06.11-20.28.02:565][  0]LogTemp: Display: Module 'LuminTargetPlatform' loaded TargetPlatform 'Lumin'
[2019.06.11-20.28.02:565][  0]LogTemp: Display: Module 'LuminTargetPlatform' loaded TargetPlatform 'LuminClient'
[2019.06.11-20.28.02:565][  0]LogTargetPlatformManager: Display: Building Assets For Windows
[2019.06.11-20.28.02:769][  0]LogAudioDebug: Display: Lib vorbis DLL was dynamically loaded.
[2019.06.11-20.28.03:545][  0]LogShaderCompilers: Guid format shader working directory is -65 characters bigger than the processId version (../../../../../../Users/Jason/Documents/Unreal Projects/SpookyDungeonBreak/SpookyDungeonBreak/SpookyPrisonBreak/Intermediate/Shaders/WorkingDirectory/4236/).
[2019.06.11-20.28.03:545][  0]LogShaderCompilers: Cleaned the shader compiler working directory 'C:/Users/Jason/AppData/Local/Temp/UnrealShaderWorkingDir/CA795CBF41DD74F2CDF0AEBFF5632C5A/'.
[2019.06.11-20.28.03:547][  0]LogXGEController: Cleaning working directory: C:/Users/Jason/AppData/Local/Temp/UnrealXGEWorkingDir/
[2019.06.11-20.28.03:547][  0]LogXGEController: Cannot use XGE Controller as Incredibuild is not installed on this machine.
[2019.06.11-20.28.03:547][  0]LogShaderCompilers: Cannot use XGE Shader Compiler as Incredibuild is not installed on this machine.
[2019.06.11-20.28.03:547][  0]LogShaderCompilers: Display: Using Local Shader Compiler.
[2019.06.11-20.28.07:117][  0]LogDerivedDataCache: Display: Max Cache Size: 512 MB
[2019.06.11-20.28.07:482][  0]LogDerivedDataCache: Loaded boot cache 0.36s 71MB C:/Users/Jason/AppData/Local/UnrealEngine/4.22/DerivedDataCache/Boot.ddc.
[2019.06.11-20.28.07:482][  0]LogDerivedDataCache: Display: Loaded Boot cache: C:/Users/Jason/AppData/Local/UnrealEngine/4.22/DerivedDataCache/Boot.ddc
[2019.06.11-20.28.07:482][  0]LogDerivedDataCache: FDerivedDataBackendGraph:  Pak pak cache file ../../../../../../Users/Jason/Documents/Unreal Projects/SpookyDungeonBreak/SpookyDungeonBreak/SpookyPrisonBreak/DerivedDataCache/DDC.ddp not found, will not use a pak cache.
[2019.06.11-20.28.07:482][  0]LogDerivedDataCache: Unable to find inner node Pak for hierarchical cache Hierarchy.
[2019.06.11-20.28.07:482][  0]LogDerivedDataCache: FDerivedDataBackendGraph:  CompressedPak pak cache file ../../../../../../Users/Jason/Documents/Unreal Projects/SpookyDungeonBreak/SpookyDungeonBreak/SpookyPrisonBreak/DerivedDataCache/Compressed.ddp not found, will not use a pak cache.
[2019.06.11-20.28.07:482][  0]LogDerivedDataCache: Unable to find inner node CompressedPak for hierarchical cache Hierarchy.
[2019.06.11-20.28.07:539][  0]LogDerivedDataCache: Display: Pak cache opened for reading ../../../Engine/DerivedDataCache/Compressed.ddp.
[2019.06.11-20.28.07:539][  0]LogDerivedDataCache: FDerivedDataBackendGraph:  EnterprisePak pak cache file ../../../Enterprise/DerivedDataCache/Compressed.ddp not found, will not use a pak cache.
[2019.06.11-20.28.07:539][  0]LogDerivedDataCache: Unable to find inner node EnterprisePak for hierarchical cache Hierarchy.
[2019.06.11-20.28.07:553][  0]LogDerivedDataCache: Using Local data cache path C:/Users/Jason/AppData/Local/UnrealEngine/Common/DerivedDataCache: Writable
[2019.06.11-20.28.07:553][  0]LogDerivedDataCache: Shared data cache path not found in *engine.ini, will not use an Shared cache.
[2019.06.11-20.28.07:553][  0]LogDerivedDataCache: Unable to find inner node Shared for hierarchical cache Hierarchy.
[2019.06.11-20.28.07:779][  0]LogMaterial: Verifying Global Shaders for PCD3D_SM5
[2019.06.11-20.28.07:800][  0]LogSlate: Using FreeType 2.6.0
[2019.06.11-20.28.07:878][  0]LogSlate: SlateFontServices - WITH_FREETYPE: 1, WITH_HARFBUZZ: 1
[2019.06.11-20.28.08:833][  0]LogAssetRegistry: FAssetRegistry took 0.0351 seconds to start up
[2019.06.11-20.28.15:978][  0]LogInit: Selected Device Profile: [Windows]
[2019.06.11-20.28.18:860][  0]LogMeshReduction: Using QuadricMeshReduction for automatic static mesh reduction
[2019.06.11-20.28.18:860][  0]LogMeshReduction: Using SimplygonMeshReduction for automatic skeletal mesh reduction
[2019.06.11-20.28.18:860][  0]LogMeshReduction: Using ProxyLODMeshReduction for automatic mesh merging
[2019.06.11-20.28.18:860][  0]LogMeshReduction: No distributed automatic mesh merging module available
[2019.06.11-20.28.18:876][  0]LogMeshMerging: No distributed automatic mesh merging module available
[2019.06.11-20.28.19:450][  0]LogNetVersion: SpookyPrisonBreak 1.0.0, NetCL: 5660361, EngineNetVer: 10, GameNetVer: 0 (Checksum: 3106989791)
[2019.06.11-20.28.24:097][  0]LogPackageLocalizationCache: Processed 10 localized package path(s) for 1 prioritized culture(s) in 0.030960 seconds
[2019.06.11-20.28.24:145][  0]LogUObjectArray: 42205 objects as part of root set at end of initial load.
[2019.06.11-20.28.24:145][  0]LogUObjectAllocator: 7325032 out of 0 bytes used by permanent object pool.
[2019.06.11-20.28.24:145][  0]LogUObjectArray: CloseDisregardForGC: 0/0 objects in disregard for GC pool
[2019.06.11-20.28.53:262][  0]LogTcpMessaging: Initializing TcpMessaging bridge
[2019.06.11-20.28.53:289][  0]LogUdpMessaging: Initializing bridge on interface 0.0.0.0:0 to multicast group 230.0.0.1:6666.
[2019.06.11-20.28.53:944][  0]SourceControl: Source control is disabled
[2019.06.11-20.28.53:944][  0]SourceControl: Source control is disabled
[2019.06.11-20.28.54:128][  0]SourceControl: Source control is disabled
[2019.06.11-20.28.54:152][  0]SourceControl: Source control is disabled
[2019.06.11-20.28.55:484][  0]LogAndroidPermission: UAndroidPermissionCallbackProxy::GetInstance
[2019.06.11-20.28.56:108][  0]LogOcInput: OculusInput pre-init called
[2019.06.11-20.28.57:986][  0]LogEngine: Initializing Engine...
[2019.06.11-20.28.58:046][  0]LogHMD: Failed to initialize OpenVR with code 110
[2019.06.11-20.28.58:048][  0]LogStats: UGameplayTagsManager::InitializeManager -  0.000 s
[2019.06.11-20.28.58:364][  0]LogInit: Initializing FReadOnlyCVARCache
[2019.06.11-20.28.58:794][  0]LogAIModule: Creating AISystem for world Untitled
[2019.06.11-20.28.59:016][  0]LogInit: XAudio2 using 'Speakers (Realtek High Definition Audio(SST))' : 2 channels at 48 kHz using 32 bits per sample (channel mask 0x3)
[2019.06.11-20.28.59:674][  0]LogInit: FAudioDevice initialized.
[2019.06.11-20.28.59:683][  0]LogNetVersion: Set ProjectVersion to 1.0.0.0. Version Checksum will be recalculated on next use.
[2019.06.11-20.28.59:841][  0]LogDerivedDataCache: Saved boot cache 0.16s 71MB C:/Users/Jason/AppData/Local/UnrealEngine/4.22/DerivedDataCache/Boot.ddc.
[2019.06.11-20.28.59:849][  0]LogInit: Texture streaming: Enabled
[2019.06.11-20.29.00:141][  0]LogEngineSessionManager: EngineSessionManager initialized
[2019.06.11-20.29.00:453][  0]LogInit: Transaction tracking system initialized
[2019.06.11-20.29.00:907][  0]BlueprintLog: New page: Editor Load
[2019.06.11-20.29.02:045][  0]LocalizationService: Localization service is disabled
[2019.06.11-20.29.02:563][  0]LogLinker: Warning: Can't find file '/Game/RollingBP/RollingOverview'
[2019.06.11-20.29.02:563][  0]LogLinker: Warning: Can't find file '/Game/RollingBP/RollingOverview'
[2019.06.11-20.29.02:563][  0]LogUObjectGlobals: Warning: Failed to find object 'Class /Game/RollingBP/RollingOverview.RollingOverview_C'
[2019.06.11-20.29.04:520][  0]LogFileCache: Scanning file cache for directory 'D:/Users/Jason/Documents/Unreal Projects/SpookyDungeonBreak/SpookyDungeonBreak/SpookyPrisonBreak/Content/' took 0.02s
[2019.06.11-20.29.04:520][  0]LogCook: Display: Max memory allowance for cook 16384mb min free memory 0mb
[2019.06.11-20.29.04:520][  0]LogCook: Display: Mobile HDR setting 1
[2019.06.11-20.29.09:645][  0]SourceControl: Source control is disabled
[2019.06.11-20.29.09:731][  0]LightingResults: New page: Lighting Build
[2019.06.11-20.29.09:766][  0]MapCheck: New page: Map Check
[2019.06.11-20.29.09:766][  0]LightingResults: New page: Lighting Build
[2019.06.11-20.29.09:796][  0]LogUObjectHash: Compacting FUObjectHashTables data took   1.69ms
[2019.06.11-20.29.10:818][  0]LogLinker: Warning: Can't find file '/Game/98htf7f7zekg-Linterna/Linterna/None'
[2019.06.11-20.29.10:818][  0]LogLinker: Warning: Can't find file for asset '/Game/98htf7f7zekg-Linterna/Linterna/None' while loading NULL.
[2019.06.11-20.29.10:819][  0]LogLinker: Warning: Can't find file '/Game/98htf7f7zekg-Linterna/Linterna/None'
[2019.06.11-20.29.10:819][  0]LogLinker: Warning: Can't find file for asset '/Game/98htf7f7zekg-Linterna/Linterna/None' while loading NULL.
[2019.06.11-20.29.10:998][  0]LogBlueprint: Warning: [Compiler FPSHUD] Could not find a variable named "Battery" in 'FirstPersonCharacter_C'.
Make sure 'FirstPersonCharacter_C' has been compiled for  Get Battery
[2019.06.11-20.29.10:998][  0]LogBlueprint: Warning: [Compiler FPSHUD] Could not find a variable named "Battery" in 'FirstPersonCharacter_C'.
Make sure 'FirstPersonCharacter_C' has been compiled for  Get Battery
[2019.06.11-20.29.11:078][  0]LogBlueprint: Error: [Compiler FPSHUD] The property associated with  Battery  could not be found in '/Game/FirstPersonBP/Blueprints/FPSHUD.FPSHUD_C'
[2019.06.11-20.29.11:078][  0]LogBlueprint: Error: [Compiler FPSHUD] The property associated with  Battery  could not be found in '/Game/FirstPersonBP/Blueprints/FPSHUD.FPSHUD_C'
[2019.06.11-20.29.11:108][  0]LogBlueprint: Warning: [Compiler FPSHUD] [0095.60] Compile of FPSHUD failed. 2 Fatal Issue(s) 2 Warning(s) [in 173 ms] (/Game/FirstPersonBP/Blueprints/FPSHUD.FPSHUD)
[2019.06.11-20.29.11:136][  0]LogLinker: Warning: Can't find file '/Game/98htf7f7zekg-Linterna/Linterna/None'
[2019.06.11-20.29.11:136][  0]LoadErrors: Failed to load /Game/98htf7f7zekg-Linterna/Linterna/None.Material_0 Referenced by Linterna
[2019.06.11-20.29.11:136][  0]LogLinker: Warning: Can't find file for asset '/Game/98htf7f7zekg-Linterna/Linterna/None' while loading NULL.
[2019.06.11-20.29.11:136][  0]LogLinker: Warning: Can't find file '/Game/98htf7f7zekg-Linterna/Linterna/None'
[2019.06.11-20.29.11:136][  0]LoadErrors: Failed to load /Game/98htf7f7zekg-Linterna/Linterna/None.Material_0 Referenced by Linterna
[2019.06.11-20.29.11:136][  0]LogLinker: Warning: Can't find file for asset '/Game/98htf7f7zekg-Linterna/Linterna/None' while loading NULL.
[2019.06.11-20.29.11:895][  0]LogAIModule: Creating AISystem for world FirstPersonExampleMap
[2019.06.11-20.29.12:658][  0]LogScript: Warning: Accessed None trying to read property CallFunc_GetChildComponent_ReturnValue
	FirstPersonCharacter_C /Game/FirstPersonBP/Maps/FirstPersonExampleMap.FirstPersonExampleMap:PersistentLevel.FirstPersonCharacter_C_1
	Function /Game/FirstPersonBP/Blueprints/FirstPersonCharacter.FirstPersonCharacter_C:UserConstructionScript:0046
[2019.06.11-20.29.12:753][  0]LogEditorServer: Finished looking for orphan Actors (0.000 secs)
[2019.06.11-20.29.13:002][  0]LogUObjectHash: Compacting FUObjectHashTables data took   2.38ms
[2019.06.11-20.29.13:002][  0]Cmd: MAP CHECKDEP NOCLEARLOG
[2019.06.11-20.29.13:018][  0]MapCheck: Map check complete: 0 Error(s), 0 Warning(s), took 0.099ms to complete.
[2019.06.11-20.29.13:018][  0]LogFileHelpers: Loading map 'FirstPersonExampleMap' took 3.349
[2019.06.11-20.29.13:913][  0]LogSlate: Updating window title bar state: overlay mode, drag disabled, window buttons hidden, title bar hidden
[2019.06.11-20.29.13:935][  0]LogSlate: Updating window title bar state: overlay mode, drag disabled, window buttons hidden, title bar hidden
[2019.06.11-20.29.13:943][  0]LogSlate: Updating window title bar state: overlay mode, drag disabled, window buttons hidden, title bar hidden
[2019.06.11-20.29.13:951][  0]LogSlate: Updating window title bar state: overlay mode, drag disabled, window buttons hidden, title bar hidden
[2019.06.11-20.29.14:124][  0]LogCollectionManager: Loaded 0 collections in 0.001693 seconds
[2019.06.11-20.29.14:356][  0]LogFileCache: Scanning file cache for directory 'D:/Users/Jason/Documents/Unreal Projects/SpookyDungeonBreak/SpookyDungeonBreak/SpookyPrisonBreak/Saved/Collections/' took 0.01s
[2019.06.11-20.29.14:356][  0]LogFileCache: Scanning file cache for directory 'D:/Users/Jason/Documents/Unreal Projects/SpookyDungeonBreak/SpookyDungeonBreak/SpookyPrisonBreak/Content/Developers/Jason/Collections/' took 0.01s
[2019.06.11-20.29.14:356][  0]LogFileCache: Scanning file cache for directory 'D:/Users/Jason/Documents/Unreal Projects/SpookyDungeonBreak/SpookyDungeonBreak/SpookyPrisonBreak/Content/Collections/' took 0.01s
[2019.06.11-20.29.14:356][  0]LogCollectionManager: Rebuilt the GUID cache for 0 collections in 0.000000 seconds
[2019.06.11-20.29.14:384][  0]LogContentBrowser: Native class hierarchy populated in 0.0218 seconds. Added 2732 classes and 659 folders.
[2019.06.11-20.29.14:587][  0]LogContentBrowser: Native class hierarchy updated for 'WidgetCarousel' in 0.0002 seconds. Added 0 classes and 0 folders.
[2019.06.11-20.29.14:662][  0]LogPakFile: Registered encryption key '00000000000000000000000000000000': 0 pak files mounted, 0 remain pending
[2019.06.11-20.29.14:715][  0]LogPakFile: Registered encryption key '00000000000000000000000000000000': 0 pak files mounted, 0 remain pending
[2019.06.11-20.29.14:780][  0]LogPakFile: Registered encryption key '00000000000000000000000000000000': 0 pak files mounted, 0 remain pending
[2019.06.11-20.29.14:804][  0]LogPakFile: Registered encryption key '00000000000000000000000000000000': 0 pak files mounted, 0 remain pending
[2019.06.11-20.29.14:814][  0]LogPakFile: Registered encryption key '00000000000000000000000000000000': 0 pak files mounted, 0 remain pending
[2019.06.11-20.29.14:816][  0]LogPakFile: Registered encryption key '00000000000000000000000000000000': 0 pak files mounted, 0 remain pending
[2019.06.11-20.29.14:834][  0]LogPakFile: Registered encryption key '00000000000000000000000000000000': 0 pak files mounted, 0 remain pending
[2019.06.11-20.29.14:844][  0]LogPakFile: Registered encryption key '00000000000000000000000000000000': 0 pak files mounted, 0 remain pending
[2019.06.11-20.29.14:854][  0]LogPakFile: Registered encryption key '00000000000000000000000000000000': 0 pak files mounted, 0 remain pending
[2019.06.11-20.29.14:868][  0]LogPakFile: Registered encryption key '00000000000000000000000000000000': 0 pak files mounted, 0 remain pending
[2019.06.11-20.29.14:869][  0]LogPakFile: Registered encryption key '00000000000000000000000000000000': 0 pak files mounted, 0 remain pending
[2019.06.11-20.29.14:885][  0]LogPakFile: Registered encryption key '00000000000000000000000000000000': 0 pak files mounted, 0 remain pending
[2019.06.11-20.29.14:896][  0]LogPakFile: Registered encryption key '00000000000000000000000000000000': 0 pak files mounted, 0 remain pending
[2019.06.11-20.29.14:904][  0]LogPakFile: Registered encryption key '00000000000000000000000000000000': 0 pak files mounted, 0 remain pending
[2019.06.11-20.29.14:906][  0]LogPakFile: Registered encryption key '00000000000000000000000000000000': 0 pak files mounted, 0 remain pending
[2019.06.11-20.29.14:913][  0]LogPakFile: Registered encryption key '00000000000000000000000000000000': 0 pak files mounted, 0 remain pending
[2019.06.11-20.29.14:924][  0]LogPakFile: Registered encryption key '00000000000000000000000000000000': 0 pak files mounted, 0 remain pending
[2019.06.11-20.29.14:935][  0]LogPakFile: Registered encryption key '00000000000000000000000000000000': 0 pak files mounted, 0 remain pending
[2019.06.11-20.29.14:937][  0]LogPakFile: Registered encryption key '00000000000000000000000000000000': 0 pak files mounted, 0 remain pending
[2019.06.11-20.29.14:944][  0]LogPakFile: Registered encryption key '00000000000000000000000000000000': 0 pak files mounted, 0 remain pending
[2019.06.11-20.29.14:954][  0]LogPakFile: Registered encryption key '00000000000000000000000000000000': 0 pak files mounted, 0 remain pending
[2019.06.11-20.29.15:017][  0]LogPakFile: Registered encryption key '00000000000000000000000000000000': 0 pak files mounted, 0 remain pending
[2019.06.11-20.29.15:031][  0]LogPakFile: Registered encryption key '00000000000000000000000000000000': 0 pak files mounted, 0 remain pending
[2019.06.11-20.29.15:045][  0]LogPakFile: Registered encryption key '00000000000000000000000000000000': 0 pak files mounted, 0 remain pending
[2019.06.11-20.29.15:055][  0]LogPakFile: Registered encryption key '00000000000000000000000000000000': 0 pak files mounted, 0 remain pending
[2019.06.11-20.29.15:075][  0]LogPakFile: Registered encryption key '00000000000000000000000000000000': 0 pak files mounted, 0 remain pending
[2019.06.11-20.29.15:929][  0]LogContentBrowser: Native class hierarchy updated for 'AddContentDialog' in 0.0002 seconds. Added 0 classes and 0 folders.
[2019.06.11-20.29.15:979][  0]LogContentBrowser: Native class hierarchy updated for 'SceneOutliner' in 0.0003 seconds. Added 1 classes and 2 folders.
[2019.06.11-20.29.17:136][  0]LogSlate: Took 0.039567 seconds to synchronously load lazily loaded font '../../../Engine/Content/Slate/Fonts/Roboto-Regular.ttf' (155K)
[2019.06.11-20.29.17:151][  0]LogSlate: Took 0.013203 seconds to synchronously load lazily loaded font '../../../Engine/Content/Slate/Fonts/Roboto-Bold.ttf' (160K)
[2019.06.11-20.29.17:203][  0]LogSlate: Took 0.010008 seconds to synchronously load lazily loaded font '../../../Engine/Content/Editor/Slate/Fonts/FontAwesome.ttf' (139K)
[2019.06.11-20.29.17:490][  0]LogRenderer: Reallocating scene render targets to support 256x256 Format 10 NumSamples 1 (Frame:1).
[2019.06.11-20.29.17:594][  0]LogRenderer: Reallocating scene render targets to support 776x440 Format 10 NumSamples 1 (Frame:1).
[2019.06.11-20.29.17:767][  0]LogSlate: Took 0.016420 seconds to synchronously load lazily loaded font '../../../Engine/Content/Slate/Fonts/Roboto-Light.ttf' (167K)
[2019.06.11-20.29.18:151][  0]LogContentBrowser: Native class hierarchy updated for 'HierarchicalLODOutliner' in 0.0004 seconds. Added 0 classes and 0 folders.
[2019.06.11-20.29.18:151][  0]LogLoad: (Engine Initialization) Total time: 102.64 seconds
[2019.06.11-20.29.18:151][  0]LogLoad: (Engine Initialization) Total Blueprint compile time: 0.00 seconds
[2019.06.11-20.29.18:336][  0]LogContentStreaming: Texture pool size now 1000 MB
[2019.06.11-20.29.18:347][  0]LogSlate: FSceneViewport::OnFocusLost() reason 2
[2019.06.11-20.29.18:683][  1]LogFileCache: Retrieving MD5 hashes for directory 'D:/Users/Jason/Documents/Unreal Projects/SpookyDungeonBreak/SpookyDungeonBreak/SpookyPrisonBreak/Content/' took 0.48s
[2019.06.11-20.29.18:692][  1]LogAssetRegistry: Asset discovery search completed in 69.8822 seconds
[2019.06.11-20.29.18:695][  1]LogCollectionManager: Rebuilt the object cache for 0 collections in 0.000000 seconds (found 0 objects)
[2019.06.11-20.29.18:695][  1]LogCollectionManager: Fixed up redirectors for 0 collections in 0.000072 seconds (updated 0 objects)
[2019.06.11-20.29.26:730][289]LogSlate: Window 'Message Log' being destroyed
[2019.06.11-20.29.26:737][289]LogSlate: Window 'Message Log' being destroyed
[2019.06.11-20.29.28:116][368]LogSlate: FSceneViewport::OnFocusLost() reason 0
[2019.06.11-20.29.28:424][380]LogScript: Warning: Accessed None trying to read property CallFunc_GetChildComponent_ReturnValue
	FirstPersonCharacter_C /Engine/Transient.World_1:PersistentLevel.FirstPersonCharacter_C_0
	Function /Game/FirstPersonBP/Blueprints/FirstPersonCharacter.FirstPersonCharacter_C:UserConstructionScript:0046
[2019.06.11-20.29.31:107][533]LogTemp: Repeating last play command: Selected Viewport
[2019.06.11-20.29.31:229][533]LogBlueprintUserMessages: Early PlayInEditor Detection: Level '/Game/FirstPersonBP/Maps/FirstPersonExampleMap.FirstPersonExampleMap:PersistentLevel' has LevelScriptBlueprint '/Game/FirstPersonBP/Maps/FirstPersonExampleMap.FirstPersonExampleMap:PersistentLevel.FirstPersonExampleMap' with GeneratedClass '/Game/FirstPersonBP/Maps/FirstPersonExampleMap.FirstPersonExampleMap_C' with ClassGeneratedBy '/Game/FirstPersonBP/Maps/FirstPersonExampleMap.FirstPersonExampleMap:PersistentLevel.FirstPersonExampleMap'
[2019.06.11-20.29.31:229][533]LogPlayLevel: PlayLevel: No blueprints needed recompiling
[2019.06.11-20.29.33:616][533]LogSlate: Window 'Message' being destroyed
[2019.06.11-20.29.33:684][533]PIE: New page: PIE session: FirstPersonExampleMap (Jun 11, 2019, 6:29:33 AM)
[2019.06.11-20.29.33:818][533]LogPlayLevel: Creating play world package: /Game/FirstPersonBP/Maps/UEDPIE_0_FirstPersonExampleMap
[2019.06.11-20.29.33:851][533]LogPlayLevel: PIE: StaticDuplicateObject took: (0.033976s)
[2019.06.11-20.29.33:852][533]LogAIModule: Creating AISystem for world FirstPersonExampleMap
[2019.06.11-20.29.33:852][533]LogPlayLevel: PIE: World Init took: (0.001022s)
[2019.06.11-20.29.33:852][533]LogPlayLevel: PIE: Created PIE world by copying editor world from /Game/FirstPersonBP/Maps/FirstPersonExampleMap.FirstPersonExampleMap to /Game/FirstPersonBP/Maps/UEDPIE_0_FirstPersonExampleMap.FirstPersonExampleMap (0.035466s)
[2019.06.11-20.29.33:886][533]LogUObjectHash: Compacting FUObjectHashTables data took   1.56ms
[2019.06.11-20.29.33:916][533]LogInit: XAudio2 using 'Speakers (Realtek High Definition Audio(SST))' : 2 channels at 48 kHz using 32 bits per sample (channel mask 0x3)
[2019.06.11-20.29.33:951][533]LogInit: FAudioDevice initialized.
[2019.06.11-20.29.34:078][533]LogLoad: Game class is 'FirstPersonGameMode_C'
[2019.06.11-20.29.34:135][533]LogWorld: Bringing World /Game/FirstPersonBP/Maps/UEDPIE_0_FirstPersonExampleMap.FirstPersonExampleMap up for play (max tick rate 60) at 2019.06.11-13.29.34
[2019.06.11-20.29.34:408][533]LogWorld: Bringing up level for play took: 0.285350
[2019.06.11-20.29.34:479][533]LogGameMode: FindPlayerStart: PATHS NOT DEFINED or NO PLAYERSTART with positive rating
[2019.06.11-20.29.34:618][533]LogContentBrowser: Native class hierarchy updated for 'MovieSceneCapture' in 0.0004 seconds. Added 20 classes and 0 folders.
[2019.06.11-20.29.34:805][533]PIE: Play in editor start time for /Game/FirstPersonBP/Maps/UEDPIE_0_FirstPersonExampleMap 4.215
[2019.06.11-20.29.34:805][533]LogBlueprintUserMessages: Late PlayInEditor Detection: Level '/Game/FirstPersonBP/Maps/FirstPersonExampleMap.FirstPersonExampleMap:PersistentLevel' has LevelScriptBlueprint '/Game/FirstPersonBP/Maps/FirstPersonExampleMap.FirstPersonExampleMap:PersistentLevel.FirstPersonExampleMap' with GeneratedClass '/Game/FirstPersonBP/Maps/FirstPersonExampleMap.FirstPersonExampleMap_C' with ClassGeneratedBy '/Game/FirstPersonBP/Maps/FirstPersonExampleMap.FirstPersonExampleMap:PersistentLevel.FirstPersonExampleMap'
[2019.06.11-20.29.40:255][828]LogBlueprintUserMessages: Early EndPlayMap Detection: Level '/Game/FirstPersonBP/Maps/FirstPersonExampleMap.FirstPersonExampleMap:PersistentLevel' has LevelScriptBlueprint '/Game/FirstPersonBP/Maps/FirstPersonExampleMap.FirstPersonExampleMap:PersistentLevel.FirstPersonExampleMap' with GeneratedClass '/Game/FirstPersonBP/Maps/FirstPersonExampleMap.FirstPersonExampleMap_C' with ClassGeneratedBy '/Game/FirstPersonBP/Maps/FirstPersonExampleMap.FirstPersonExampleMap:PersistentLevel.FirstPersonExampleMap'
[2019.06.11-20.29.40:264][828]LogSlate: Updating window title bar state: overlay mode, drag disabled, window buttons hidden, title bar hidden
[2019.06.11-20.29.40:317][828]LogPlayLevel: Display: Shutting down PIE online subsystems
[2019.06.11-20.29.40:317][828]LogBlueprintUserMessages: Late EndPlayMap Detection: Level '/Game/FirstPersonBP/Maps/FirstPersonExampleMap.FirstPersonExampleMap:PersistentLevel' has LevelScriptBlueprint '/Game/FirstPersonBP/Maps/FirstPersonExampleMap.FirstPersonExampleMap:PersistentLevel.FirstPersonExampleMap' with GeneratedClass '/Game/FirstPersonBP/Maps/FirstPersonExampleMap.FirstPersonExampleMap_C' with ClassGeneratedBy '/Game/FirstPersonBP/Maps/FirstPersonExampleMap.FirstPersonExampleMap:PersistentLevel.FirstPersonExampleMap'
[2019.06.11-20.29.40:356][828]LogSlate: Updating window title bar state: overlay mode, drag disabled, window buttons hidden, title bar hidden
[2019.06.11-20.29.40:360][828]LogUObjectHash: Compacting FUObjectHashTables data took   1.47ms
[2019.06.11-20.29.40:400][829]LogPlayLevel: Display: Destroying online subsystem :Context_3
[2019.06.11-20.29.41:416][884]LogSlate: FSceneViewport::OnFocusLost() reason 0
[2019.06.11-20.29.41:553][891]LogSlate: Took 0.000257 seconds to synchronously load lazily loaded font '../../../Engine/Content/Slate/Fonts/Roboto-Light.ttf' (167K)
[2019.06.11-20.29.41:565][891]LogAssetEditorManager: Opening Asset editor for Blueprint /Game/FirstPersonBP/Blueprints/FirstPersonCharacter.FirstPersonCharacter
[2019.06.11-20.29.42:302][891]LogContentBrowser: Native class hierarchy updated for 'BlueprintGraph' in 0.0006 seconds. Added 121 classes and 0 folders.
[2019.06.11-20.29.44:403][891]LogScript: Warning: Accessed None trying to read property CallFunc_GetChildComponent_ReturnValue
	FirstPersonCharacter_C /Engine/Transient.World_2:PersistentLevel.FirstPersonCharacter_C_0
	Function /Game/FirstPersonBP/Blueprints/FirstPersonCharacter.FirstPersonCharacter_C:UserConstructionScript:0046
[2019.06.11-20.29.44:486][891]LogSlate: Took 0.011043 seconds to synchronously load lazily loaded font '../../../Engine/Content/Slate/Fonts/Roboto-BoldCondensed.ttf' (158K)
[2019.06.11-20.29.45:280][892]LogSlate: Took 0.016607 seconds to synchronously load lazily loaded font '../../../Engine/Content/Slate/Fonts/Roboto-Italic.ttf' (157K)
[2019.06.11-20.29.47:379][  8]LogScript: Warning: Accessed None trying to read property CallFunc_GetChildComponent_ReturnValue
	FirstPersonCharacter_C /Game/FirstPersonBP/Maps/FirstPersonExampleMap.FirstPersonExampleMap:PersistentLevel.FirstPersonCharacter_C_1
	Function /Game/FirstPersonBP/Blueprints/FirstPersonCharacter.FirstPersonCharacter_C:UserConstructionScript:0046
[2019.06.11-20.29.47:383][  8]LogScript: Warning: Accessed None trying to read property CallFunc_GetChildComponent_ReturnValue
	FirstPersonCharacter_C /Engine/Transient.World_1:PersistentLevel.FirstPersonCharacter_C_0
	Function /Game/FirstPersonBP/Blueprints/FirstPersonCharacter.FirstPersonCharacter_C:UserConstructionScript:0046
[2019.06.11-20.29.47:385][  8]LogScript: Warning: Accessed None trying to read property CallFunc_GetChildComponent_ReturnValue
	FirstPersonCharacter_C /Engine/Transient.World_2:PersistentLevel.FirstPersonCharacter_C_0
	Function /Game/FirstPersonBP/Blueprints/FirstPersonCharacter.FirstPersonCharacter_C:UserConstructionScript:0046
[2019.06.11-20.29.52:231][266]LogScript: Warning: Accessed None trying to read property CallFunc_GetChildComponent_ReturnValue
	FirstPersonCharacter_C /Game/FirstPersonBP/Maps/FirstPersonExampleMap.FirstPersonExampleMap:PersistentLevel.FirstPersonCharacter_C_1
	Function /Game/FirstPersonBP/Blueprints/FirstPersonCharacter.FirstPersonCharacter_C:UserConstructionScript:0046
[2019.06.11-20.29.52:235][266]LogScript: Warning: Accessed None trying to read property CallFunc_GetChildComponent_ReturnValue
	FirstPersonCharacter_C /Engine/Transient.World_1:PersistentLevel.FirstPersonCharacter_C_0
	Function /Game/FirstPersonBP/Blueprints/FirstPersonCharacter.FirstPersonCharacter_C:UserConstructionScript:0046
[2019.06.11-20.29.52:237][266]LogScript: Warning: Accessed None trying to read property CallFunc_GetChildComponent_ReturnValue
	FirstPersonCharacter_C /Engine/Transient.World_2:PersistentLevel.FirstPersonCharacter_C_0
	Function /Game/FirstPersonBP/Blueprints/FirstPersonCharacter.FirstPersonCharacter_C:UserConstructionScript:0046
[2019.06.11-20.29.53:906][345]LogSlate: Took 0.009230 seconds to synchronously load lazily loaded font '../../../Engine/Content/Slate/Fonts/Roboto-BoldCondensedItalic.ttf' (160K)
[2019.06.11-20.29.55:113][415]LogScript: Warning: Accessed None trying to read property CallFunc_GetChildComponent_ReturnValue
	FirstPersonCharacter_C /Game/FirstPersonBP/Maps/FirstPersonExampleMap.FirstPersonExampleMap:PersistentLevel.FirstPersonCharacter_C_1
	Function /Game/FirstPersonBP/Blueprints/FirstPersonCharacter.FirstPersonCharacter_C:UserConstructionScript:0046
[2019.06.11-20.29.55:117][415]LogScript: Warning: Accessed None trying to read property CallFunc_GetChildComponent_ReturnValue
	FirstPersonCharacter_C /Engine/Transient.World_1:PersistentLevel.FirstPersonCharacter_C_0
	Function /Game/FirstPersonBP/Blueprints/FirstPersonCharacter.FirstPersonCharacter_C:UserConstructionScript:0046
[2019.06.11-20.29.55:119][415]LogScript: Warning: Accessed None trying to read property CallFunc_GetChildComponent_ReturnValue
	FirstPersonCharacter_C /Engine/Transient.World_2:PersistentLevel.FirstPersonCharacter_C_0
	Function /Game/FirstPersonBP/Blueprints/FirstPersonCharacter.FirstPersonCharacter_C:UserConstructionScript:0046
[2019.06.11-20.29.56:166][473]BlueprintLog: New page: Compile FirstPersonCharacter
[2019.06.11-20.29.56:191][473]LogScript: Warning: Accessed None trying to read property CallFunc_GetChildComponent_ReturnValue
	FirstPersonCharacter_C /Game/FirstPersonBP/Maps/FirstPersonExampleMap.FirstPersonExampleMap:PersistentLevel.FirstPersonCharacter_C_1
	Function /Game/FirstPersonBP/Blueprints/FirstPersonCharacter.FirstPersonCharacter_C:UserConstructionScript:0046
[2019.06.11-20.29.56:192][473]LogScript: Warning: Accessed None trying to read property CallFunc_GetChildComponent_ReturnValue
	FirstPersonCharacter_C /Engine/Transient.World_1:PersistentLevel.FirstPersonCharacter_C_0
	Function /Game/FirstPersonBP/Blueprints/FirstPersonCharacter.FirstPersonCharacter_C:UserConstructionScript:0046
[2019.06.11-20.29.56:194][473]LogScript: Warning: Accessed None trying to read property CallFunc_GetChildComponent_ReturnValue
	FirstPersonCharacter_C /Engine/Transient.World_2:PersistentLevel.FirstPersonCharacter_C_0
	Function /Game/FirstPersonBP/Blueprints/FirstPersonCharacter.FirstPersonCharacter_C:UserConstructionScript:0046
[2019.06.11-20.29.56:368][473]LogUObjectHash: Compacting FUObjectHashTables data took   3.90ms
[2019.06.11-20.29.56:373][473]LogScript: Warning: Accessed None trying to read property CallFunc_GetChildComponent_ReturnValue
	FirstPersonCharacter_C /Game/FirstPersonBP/Maps/FirstPersonExampleMap.FirstPersonExampleMap:PersistentLevel.FirstPersonCharacter_C_1
	Function /Game/FirstPersonBP/Blueprints/FirstPersonCharacter.FirstPersonCharacter_C:UserConstructionScript:0046
[2019.06.11-20.29.56:375][473]LogScript: Warning: Accessed None trying to read property CallFunc_GetChildComponent_ReturnValue
	FirstPersonCharacter_C /Engine/Transient.World_1:PersistentLevel.FirstPersonCharacter_C_0
	Function /Game/FirstPersonBP/Blueprints/FirstPersonCharacter.FirstPersonCharacter_C:UserConstructionScript:0046
[2019.06.11-20.29.56:377][473]LogScript: Warning: Accessed None trying to read property CallFunc_GetChildComponent_ReturnValue
	FirstPersonCharacter_C /Engine/Transient.World_2:PersistentLevel.FirstPersonCharacter_C_0
	Function /Game/FirstPersonBP/Blueprints/FirstPersonCharacter.FirstPersonCharacter_C:UserConstructionScript:0046
[2019.06.11-20.29.56:380][473]LogScript: Warning: Accessed None trying to read property CallFunc_GetChildComponent_ReturnValue
	FirstPersonCharacter_C /Engine/Transient.World_1:PersistentLevel.FirstPersonCharacter_C_1
	Function /Game/FirstPersonBP/Blueprints/FirstPersonCharacter.FirstPersonCharacter_C:UserConstructionScript:0046
[2019.06.11-20.29.56:390][473]LogScript: Warning: Accessed None trying to read property CallFunc_GetChildComponent_ReturnValue
	FirstPersonCharacter_C /Game/FirstPersonBP/Maps/FirstPersonExampleMap.FirstPersonExampleMap:PersistentLevel.FirstPersonCharacter_C_1
	Function /Game/FirstPersonBP/Blueprints/FirstPersonCharacter.FirstPersonCharacter_C:UserConstructionScript:0046
[2019.06.11-20.29.56:393][473]LogScript: Warning: Accessed None trying to read property CallFunc_GetChildComponent_ReturnValue
	FirstPersonCharacter_C /Engine/Transient.World_2:PersistentLevel.FirstPersonCharacter_C_0
	Function /Game/FirstPersonBP/Blueprints/FirstPersonCharacter.FirstPersonCharacter_C:UserConstructionScript:0046
[2019.06.11-20.29.56:396][473]LogScript: Warning: Accessed None trying to read property CallFunc_GetChildComponent_ReturnValue
	FirstPersonCharacter_C /Engine/Transient.World_1:PersistentLevel.FirstPersonCharacter_C_1
	Function /Game/FirstPersonBP/Blueprints/FirstPersonCharacter.FirstPersonCharacter_C:UserConstructionScript:0046
[2019.06.11-20.29.57:230][517]LogScript: Warning: Accessed None trying to read property CallFunc_GetChildComponent_ReturnValue
	FirstPersonCharacter_C /Game/FirstPersonBP/Maps/FirstPersonExampleMap.FirstPersonExampleMap:PersistentLevel.FirstPersonCharacter_C_1
	Function /Game/FirstPersonBP/Blueprints/FirstPersonCharacter.FirstPersonCharacter_C:UserConstructionScript:0046
[2019.06.11-20.29.57:234][517]LogScript: Warning: Accessed None trying to read property CallFunc_GetChildComponent_ReturnValue
	FirstPersonCharacter_C /Engine/Transient.World_2:PersistentLevel.FirstPersonCharacter_C_0
	Function /Game/FirstPersonBP/Blueprints/FirstPersonCharacter.FirstPersonCharacter_C:UserConstructionScript:0046
[2019.06.11-20.29.57:238][517]LogScript: Warning: Accessed None trying to read property CallFunc_GetChildComponent_ReturnValue
	FirstPersonCharacter_C /Engine/Transient.World_1:PersistentLevel.FirstPersonCharacter_C_1
	Function /Game/FirstPersonBP/Blueprints/FirstPersonCharacter.FirstPersonCharacter_C:UserConstructionScript:0046
[2019.06.11-20.29.57:242][517]LogScript: Warning: Accessed None trying to read property CallFunc_GetChildComponent_ReturnValue
	FirstPersonCharacter_C /Engine/Transient.World_2:PersistentLevel.FirstPersonCharacter_C_0
	Function /Game/FirstPersonBP/Blueprints/FirstPersonCharacter.FirstPersonCharacter_C:UserConstructionScript:0046
[2019.06.11-20.29.57:246][517]LogScript: Warning: Accessed None trying to read property CallFunc_GetChildComponent_ReturnValue
	FirstPersonCharacter_C /Game/FirstPersonBP/Maps/FirstPersonExampleMap.FirstPersonExampleMap:PersistentLevel.FirstPersonCharacter_C_1
	Function /Game/FirstPersonBP/Blueprints/FirstPersonCharacter.FirstPersonCharacter_C:UserConstructionScript:0046
[2019.06.11-20.29.57:250][517]LogScript: Warning: Accessed None trying to read property CallFunc_GetChildComponent_ReturnValue
	FirstPersonCharacter_C /Engine/Transient.World_2:PersistentLevel.FirstPersonCharacter_C_0
	Function /Game/FirstPersonBP/Blueprints/FirstPersonCharacter.FirstPersonCharacter_C:UserConstructionScript:0046
[2019.06.11-20.29.57:254][517]LogScript: Warning: Accessed None trying to read property CallFunc_GetChildComponent_ReturnValue
	FirstPersonCharacter_C /Engine/Transient.World_1:PersistentLevel.FirstPersonCharacter_C_1
	Function /Game/FirstPersonBP/Blueprints/FirstPersonCharacter.FirstPersonCharacter_C:UserConstructionScript:0046
[2019.06.11-20.29.57:260][517]LogScript: Warning: Accessed None trying to read property CallFunc_GetChildComponent_ReturnValue
	FirstPersonCharacter_C /Engine/Transient.World_2:PersistentLevel.FirstPersonCharacter_C_0
	Function /Game/FirstPersonBP/Blueprints/FirstPersonCharacter.FirstPersonCharacter_C:UserConstructionScript:0046
[2019.06.11-20.29.57:263][517]LogScript: Warning: Accessed None trying to read property CallFunc_GetChildComponent_ReturnValue
	FirstPersonCharacter_C /Game/FirstPersonBP/Maps/FirstPersonExampleMap.FirstPersonExampleMap:PersistentLevel.FirstPersonCharacter_C_1
	Function /Game/FirstPersonBP/Blueprints/FirstPersonCharacter.FirstPersonCharacter_C:UserConstructionScript:0046
[2019.06.11-20.29.57:270][517]LogScript: Warning: Accessed None trying to read property CallFunc_GetChildComponent_ReturnValue
	FirstPersonCharacter_C /Engine/Transient.World_1:PersistentLevel.FirstPersonCharacter_C_1
	Function /Game/FirstPersonBP/Blueprints/FirstPersonCharacter.FirstPersonCharacter_C:UserConstructionScript:0046
[2019.06.11-20.29.57:278][517]LogScript: Warning: Accessed None trying to read property CallFunc_GetChildComponent_ReturnValue
	FirstPersonCharacter_C /Game/FirstPersonBP/Maps/FirstPersonExampleMap.FirstPersonExampleMap:PersistentLevel.FirstPersonCharacter_C_1
	Function /Game/FirstPersonBP/Blueprints/FirstPersonCharacter.FirstPersonCharacter_C:UserConstructionScript:0046
[2019.06.11-20.29.57:285][517]LogScript: Warning: Accessed None trying to read property CallFunc_GetChildComponent_ReturnValue
	FirstPersonCharacter_C /Engine/Transient.World_1:PersistentLevel.FirstPersonCharacter_C_1
	Function /Game/FirstPersonBP/Blueprints/FirstPersonCharacter.FirstPersonCharacter_C:UserConstructionScript:0046
[2019.06.11-20.30.00:443][681]LogSavePackage: Moving '../../../../../../Users/Jason/Documents/Unreal Projects/SpookyDungeonBreak/SpookyDungeonBreak/SpookyPrisonBreak/Saved/FirstPersonCharacterD49E0922489E4DD34FBD61AC78BAB239.tmp' to '../../../../../../Users/Jason/Documents/Unreal Projects/SpookyDungeonBreak/SpookyDungeonBreak/SpookyPrisonBreak/Content/FirstPersonBP/Blueprints/FirstPersonCharacter.uasset'
[2019.06.11-20.30.01:341][726]LogSlate: Window 'FirstPersonCharacter' being destroyed
[2019.06.11-20.30.01:348][726]LogSlate: Window 'FirstPersonCharacter' being destroyed
[2019.06.11-20.30.02:801][800]LogAssetEditorManager: Opening Asset editor for WidgetBlueprint /Game/FirstPersonBP/Blueprints/FPSHUD.FPSHUD
[2019.06.11-20.30.03:442][800]LogBlueprintActionDatabase: Requesting refresh due to module change: SequencerWidgets (loaded)
[2019.06.11-20.30.21:047][742]BlueprintLog: New page: Compile FPSHUD
[2019.06.11-20.30.21:134][742]LogUObjectHash: Compacting FUObjectHashTables data took   8.72ms
[2019.06.11-20.30.22:325][807]LogSavePackage: Moving '../../../../../../Users/Jason/Documents/Unreal Projects/SpookyDungeonBreak/SpookyDungeonBreak/SpookyPrisonBreak/Saved/FPSHUDA424F2BA4339B2E86DD2AEB23D37D9F0.tmp' to '../../../../../../Users/Jason/Documents/Unreal Projects/SpookyDungeonBreak/SpookyDungeonBreak/SpookyPrisonBreak/Content/FirstPersonBP/Blueprints/FPSHUD.uasset'
[2019.06.11-20.30.24:174][917]LogTemp: Repeating last play command: Selected Viewport
[2019.06.11-20.30.24:196][917]LogBlueprintUserMessages: Early PlayInEditor Detection: Level '/Game/FirstPersonBP/Maps/FirstPersonExampleMap.FirstPersonExampleMap:PersistentLevel' has LevelScriptBlueprint '/Game/FirstPersonBP/Maps/FirstPersonExampleMap.FirstPersonExampleMap:PersistentLevel.FirstPersonExampleMap' with GeneratedClass '/Game/FirstPersonBP/Maps/FirstPersonExampleMap.FirstPersonExampleMap_C' with ClassGeneratedBy '/Game/FirstPersonBP/Maps/FirstPersonExampleMap.FirstPersonExampleMap:PersistentLevel.FirstPersonExampleMap'
[2019.06.11-20.30.24:196][917]BlueprintLog: New page: Pre-Play auto-recompile
[2019.06.11-20.30.24:200][917]LogPlayLevel: [PlayLevel] Compiling FirstPersonCharacter before play...
[2019.06.11-20.30.24:456][917]LogUObjectHash: Compacting FUObjectHashTables data took   4.89ms
[2019.06.11-20.30.24:456][917]LogPlayLevel: PlayLevel: Blueprint regeneration took 259 ms (1 blueprints)
[2019.06.11-20.30.24:456][917]PIE: New page: PIE session: FirstPersonExampleMap (Jun 11, 2019, 6:30:24 AM)
[2019.06.11-20.30.24:457][917]LogPlayLevel: Creating play world package: /Game/FirstPersonBP/Maps/UEDPIE_0_FirstPersonExampleMap
[2019.06.11-20.30.24:473][917]LogPlayLevel: PIE: StaticDuplicateObject took: (0.016610s)
[2019.06.11-20.30.24:474][917]LogAIModule: Creating AISystem for world FirstPersonExampleMap
[2019.06.11-20.30.24:474][917]LogPlayLevel: PIE: World Init took: (0.000783s)
[2019.06.11-20.30.24:474][917]LogPlayLevel: PIE: Created PIE world by copying editor world from /Game/FirstPersonBP/Maps/FirstPersonExampleMap.FirstPersonExampleMap to /Game/FirstPersonBP/Maps/UEDPIE_0_FirstPersonExampleMap.FirstPersonExampleMap (0.017607s)
[2019.06.11-20.30.24:521][917]LogUObjectHash: Compacting FUObjectHashTables data took   2.18ms
[2019.06.11-20.30.24:536][917]LogInit: XAudio2 using 'Speakers (Realtek High Definition Audio(SST))' : 2 channels at 48 kHz using 32 bits per sample (channel mask 0x3)
[2019.06.11-20.30.24:568][917]LogInit: FAudioDevice initialized.
[2019.06.11-20.30.24:613][917]LogLoad: Game class is 'FirstPersonGameMode_C'
[2019.06.11-20.30.24:617][917]LogWorld: Bringing World /Game/FirstPersonBP/Maps/UEDPIE_0_FirstPersonExampleMap.FirstPersonExampleMap up for play (max tick rate 60) at 2019.06.11-13.30.24
[2019.06.11-20.30.24:617][917]LogWorld: Bringing up level for play took: 0.003390
[2019.06.11-20.30.24:629][917]LogGameMode: FindPlayerStart: PATHS NOT DEFINED or NO PLAYERSTART with positive rating
[2019.06.11-20.30.24:631][917]PIE: Play in editor start time for /Game/FirstPersonBP/Maps/UEDPIE_0_FirstPersonExampleMap 0.041
[2019.06.11-20.30.24:631][917]LogBlueprintUserMessages: Late PlayInEditor Detection: Level '/Game/FirstPersonBP/Maps/FirstPersonExampleMap.FirstPersonExampleMap:PersistentLevel' has LevelScriptBlueprint '/Game/FirstPersonBP/Maps/FirstPersonExampleMap.FirstPersonExampleMap:PersistentLevel.FirstPersonExampleMap' with GeneratedClass '/Game/FirstPersonBP/Maps/FirstPersonExampleMap.FirstPersonExampleMap_C' with ClassGeneratedBy '/Game/FirstPersonBP/Maps/FirstPersonExampleMap.FirstPersonExampleMap:PersistentLevel.FirstPersonExampleMap'
[2019.06.11-20.30.28:469][137]LogBlueprintUserMessages: Early EndPlayMap Detection: Level '/Game/FirstPersonBP/Maps/FirstPersonExampleMap.FirstPersonExampleMap:PersistentLevel' has LevelScriptBlueprint '/Game/FirstPersonBP/Maps/FirstPersonExampleMap.FirstPersonExampleMap:PersistentLevel.FirstPersonExampleMap' with GeneratedClass '/Game/FirstPersonBP/Maps/FirstPersonExampleMap.FirstPersonExampleMap_C' with ClassGeneratedBy '/Game/FirstPersonBP/Maps/FirstPersonExampleMap.FirstPersonExampleMap:PersistentLevel.FirstPersonExampleMap'
[2019.06.11-20.30.28:469][137]LogSlate: Updating window title bar state: overlay mode, drag disabled, window buttons hidden, title bar hidden
[2019.06.11-20.30.28:505][137]LogPlayLevel: Display: Shutting down PIE online subsystems
[2019.06.11-20.30.28:505][137]LogBlueprintUserMessages: Late EndPlayMap Detection: Level '/Game/FirstPersonBP/Maps/FirstPersonExampleMap.FirstPersonExampleMap:PersistentLevel' has LevelScriptBlueprint '/Game/FirstPersonBP/Maps/FirstPersonExampleMap.FirstPersonExampleMap:PersistentLevel.FirstPersonExampleMap' with GeneratedClass '/Game/FirstPersonBP/Maps/FirstPersonExampleMap.FirstPersonExampleMap_C' with ClassGeneratedBy '/Game/FirstPersonBP/Maps/FirstPersonExampleMap.FirstPersonExampleMap:PersistentLevel.FirstPersonExampleMap'
[2019.06.11-20.30.28:543][137]LogSlate: Updating window title bar state: overlay mode, drag disabled, window buttons hidden, title bar hidden
[2019.06.11-20.30.28:548][137]LogUObjectHash: Compacting FUObjectHashTables data took   2.15ms
[2019.06.11-20.30.28:599][138]LogPlayLevel: Display: Destroying online subsystem :Context_7
[2019.06.11-20.30.29:121][166]LogScript: Warning: Accessed None trying to read property CallFunc_GetChildComponent_ReturnValue
	FirstPersonCharacter_C /Engine/Transient.World_1:PersistentLevel.FirstPersonCharacter_C_2
	Function /Game/FirstPersonBP/Blueprints/FirstPersonCharacter.FirstPersonCharacter_C:UserConstructionScript:0046
[2019.06.11-20.30.30:012][217]LogSlate: FSceneViewport::OnFocusLost() reason 0
[2019.06.11-20.30.30:130][224]LogAssetEditorManager: Opening Asset editor for Blueprint /Game/FirstPersonBP/Blueprints/FirstPersonCharacter.FirstPersonCharacter
[2019.06.11-20.30.43:399][975]LogScript: Warning: Accessed None trying to read property CallFunc_GetChildComponent_ReturnValue
	FirstPersonCharacter_C /Engine/Transient.World_1:PersistentLevel.FirstPersonCharacter_C_2
	Function /Game/FirstPersonBP/Blueprints/FirstPersonCharacter.FirstPersonCharacter_C:UserConstructionScript:0046
[2019.06.11-20.30.46:498][152]LogScript: Warning: Accessed None trying to read property CallFunc_GetChildComponent_ReturnValue
	FirstPersonCharacter_C /Engine/Transient.World_1:PersistentLevel.FirstPersonCharacter_C_2
	Function /Game/FirstPersonBP/Blueprints/FirstPersonCharacter.FirstPersonCharacter_C:UserConstructionScript:0046
[2019.06.11-20.30.53:027][490]LogScript: Warning: Accessed None trying to read property CallFunc_GetChildComponent_ReturnValue
	FirstPersonCharacter_C /Engine/Transient.World_1:PersistentLevel.FirstPersonCharacter_C_2
	Function /Game/FirstPersonBP/Blueprints/FirstPersonCharacter.FirstPersonCharacter_C:UserConstructionScript:0046
[2019.06.11-20.30.56:368][680]LogScript: Warning: Accessed None trying to read property CallFunc_GetChildComponent_ReturnValue
	FirstPersonCharacter_C /Engine/Transient.World_1:PersistentLevel.FirstPersonCharacter_C_2
	Function /Game/FirstPersonBP/Blueprints/FirstPersonCharacter.FirstPersonCharacter_C:UserConstructionScript:0046
[2019.06.11-20.31.18:539][959]LogSavePackage: Moving '../../../../../../Users/Jason/Documents/Unreal Projects/SpookyDungeonBreak/SpookyDungeonBreak/SpookyPrisonBreak/Saved/FirstPersonCharacter455D0CE44E73A5383D1327928C760C5F.tmp' to '../../../../../../Users/Jason/Documents/Unreal Projects/SpookyDungeonBreak/SpookyDungeonBreak/SpookyPrisonBreak/Content/FirstPersonBP/Blueprints/FirstPersonCharacter.uasset'
